[2019-11-14 00:19:45.000][info]: [main:14]Lua Lsp startup, root: 	c:/Users/l/.vscode/extensions/sumneko.lua/server
[2019-11-14 00:19:45.001][debug]: [main:15]ROOT:	c:/Users/l/.vscode/extensions/sumneko.lua/server
[2019-11-14 00:19:45.069][info]: [src.language:125]VSC language: zh-cn
[2019-11-14 00:19:45.069][info]: [src.language:126]LS  language: zh-cn
[2019-11-14 00:19:45.317][debug]: [src.async.async:55]Create thread, id: 	1	task: 	proto
[2019-11-14 00:19:45.332][debug]: [src.service:782]collectgarbage: 	0.015
[2019-11-14 00:19:45.332][debug]: [src.service:853]
State
Main Mem:  [8410.609]kb
#001 Mem:  <Unknown>
-------------------
CachedVM:  [0]
AlivedVM:  [0]
DeadVM:    [0]
-------------------
CachedSrc: [0]
AlivedSrc: [1]
DeadSrc:   [0]
-------------------
CachedFunc:[0]
AlivedFunc:[0]
DeadFunc:  [0]
-------------------
TotalVal:  [0]
DeadVal:   [0]
-------------------
TotalLoc:  [0]
TotalEmmy: [10]

[2019-11-14 00:19:45.332][debug]: [src.service:895]test memory: 	0.000
[2019-11-14 00:19:45.370][debug]: [src.config:184]Config update: 	{
	completion = {
		callSnippet = "Disable",
		enable = true,
		keywordSnippet = "Replace",
	},
	diagnostics = {
		disable = {
		},
		enable = true,
		globals = {
			ERR = true,
			GC = true,
			ID = true,
			IN = true,
			OUT = true,
			_G = true,
			ac = true,
			log = true,
		},
		severity = {
			["ambiguity-1"] = "Warning",
			["duplicate-index"] = "Warning",
			["duplicate-method"] = "Warning",
			["emmy-lua"] = "Warning",
			["empty-block"] = "Hint",
			["global-in-nil-env"] = "Warning",
			["lowercase-global"] = "Information",
			["newfield-call"] = "Warning",
			["newline-call"] = "Information",
			["redefined-local"] = "Hint",
			["redundant-parameter"] = "Hint",
			["redundant-value"] = "Hint",
			["set-const"] = "Error",
			["trailing-space"] = "Hint",
			["undefined-env-child"] = "Information",
			["undefined-global"] = "Warning",
			["unused-function"] = "Hint",
			["unused-label"] = "Hint",
			["unused-local"] = "Hint",
			["unused-vararg"] = "Hint",
		},
	},
	plugin = {
		enable = true,
		path = ".vscode/lua-plugin/*.lua",
	},
	runtime = {
		library = {
		},
		path = {
			[1] = "?.lua",
			[2] = "?/init.lua",
			[3] = "?/?.lua",
		},
		version = "Lua 5.4",
	},
	workspace = {
		ignoreDir = {
			[".vscode"] = true,
			["/server-beta/libs/"] = true,
			["/server-beta/locale/"] = true,
			["/server-beta/meta/"] = true,
			["/server-beta/src/3rd"] = true,
			["/server/libs/"] = true,
			["/server/locale/"] = true,
			["/server/meta/"] = true,
			["/server/src/3rd"] = true,
		},
		ignoreSubmodules = true,
		library = {
			["E:/Github/test"] = true,
			["server/src/meta"] = true,
		},
		maxPreload = 400,
		preloadFileSize = 1000,
		useGitIgnore = true,
	},
}	{
	associations = {
		["*.lni"] = "lua",
	},
	exclude = {
		["**/.DS_Store"] = true,
		["**/.git"] = true,
		["**/.hg"] = true,
		["**/.svn"] = true,
		["**/CVS"] = true,
	},
}
[2019-11-14 00:19:45.512][debug]: [src.service:347]reCompile:	1	1
[2019-11-14 00:19:45.572][debug]: [src.service:782]collectgarbage: 	0.033
[2019-11-14 00:19:45.572][debug]: [src.service:853]
State
Main Mem:  [9475.743]kb
#001 Mem:  [138.519]kb
-------------------
CachedVM:  [0]
AlivedVM:  [0]
DeadVM:    [0]
-------------------
CachedSrc: [0]
AlivedSrc: [1]
DeadSrc:   [1]
-------------------
CachedFunc:[0]
AlivedFunc:[0]
DeadFunc:  [0]
-------------------
TotalVal:  [291]
DeadVal:   [291]
-------------------
TotalLoc:  [0]
TotalEmmy: [10]

[2019-11-14 00:19:45.572][debug]: [src.service:895]test memory: 	0.000
[2019-11-14 00:19:45.572][debug]: [src.service:759]reDiagnostic
[2019-11-14 00:19:45.572][debug]: [src.capability.completion:19]Enable completion.
[2019-11-14 00:19:45.574][info]: [src.plugin:39]Load plugin from:	c:/Users/l/.vscode/extensions/sumneko.lua/.vscode/lua-plugin/example.lua
[2019-11-14 00:19:45.575][debug]: [src.async.async:55]Create thread, id: 	2	task: 	loadfile
[2019-11-14 00:19:45.576][info]: [src.workspace:187]Workspace inited, root: 	c:/Users/l/.vscode/extensions/sumneko.lua
[2019-11-14 00:19:45.576][info]: [src.workspace:188]Workspace inited, uri: 	file:///c%3A/Users/l/.vscode/extensions/sumneko.lua
[2019-11-14 00:19:45.576][info]: [src.workspace:190]Log path: 	c:/Users/l/.vscode/extensions/sumneko.lua/server/log/file_c%3A_Users_l_.vscode_extensions_sumneko.lua.log
[2019-11-14 00:19:45.587][info]: [src.workspace:90]忽略子模块：	3rd/luamake
[2019-11-14 00:19:45.587][info]: [src.workspace:90]忽略子模块：	3rd/lni
[2019-11-14 00:19:45.587][info]: [src.workspace:90]忽略子模块：	3rd/bee.lua
[2019-11-14 00:19:45.587][info]: [src.workspace:90]忽略子模块：	3rd/lpeglabel
[2019-11-14 00:19:45.587][info]: [src.workspace:90]忽略子模块：	3rd/rcedit
[2019-11-14 00:19:45.588][debug]: [src.async.async:55]Create thread, id: 	3	task: 	scanfiles
[2019-11-14 00:19:45.600][debug]: [src.method.initialized:32]client/registerCapability Success!
[2019-11-14 00:19:45.601][debug]: [src.workspace:159]Scanning:	c:/Users/l/.vscode/extensions/sumneko.lua
[2019-11-14 00:19:45.601][debug]: [src.workspace:159]Scan pattern:	{
	[01] = "/server/meta/",
	[02] = "/server-beta/libs/",
	[03] = "/server-beta/src/3rd",
	[04] = "/server-beta/locale/",
	[05] = "/server/locale/",
	[06] = "/server-beta/meta/",
	[07] = ".vscode",
	[08] = "/server/src/3rd",
	[09] = "/server/libs/",
	[10] = "**/CVS",
	[11] = "**/.git",
	[12] = "**/.svn",
	[13] = "**/.DS_Store",
	[14] = "**/.hg",
	[15] = "3rd/luamake",
	[16] = "3rd/lni",
	[17] = "3rd/bee.lua",
	[18] = "3rd/lpeglabel",
	[19] = "3rd/rcedit",
	[20] = "node_modules",
	[21] = "/client/server",
	[22] = ".vscode-test",
	[23] = ".vscode/ipch",
	[24] = "/server/log",
	[25] = "/server-beta/log",
	[26] = "/publish",
	[27] = "/build/",
	[28] = "!*.exe",
	[29] = "server/src/meta",
	[30] = "E:/Github/test",
}
[2019-11-14 00:19:45.602][debug]: [src.workspace:159]Scan options:	{
	ignoreCase = true,
}
[2019-11-14 00:19:45.751][debug]: [src.workspace:159]Scanning:	c:/Users/l/.vscode/extensions/sumneko.lua/server/src/meta
[2019-11-14 00:19:45.752][debug]: [src.workspace:159]Scan pattern:	true
[2019-11-14 00:19:45.752][debug]: [src.workspace:159]Scan options:	{
	ignoreCase = true,
}
[2019-11-14 00:19:45.752][debug]: [src.workspace:159]Scanning:	E:/Github/test
[2019-11-14 00:19:45.752][debug]: [src.workspace:159]Scan pattern:	true
[2019-11-14 00:19:45.752][debug]: [src.workspace:159]Scan options:	{
	ignoreCase = true,
}
[2019-11-14 00:19:45.752][info]: [src.workspace:153]Scan finish, got	285	files.
[2019-11-14 00:19:45.754][debug]: [src.service:347]reCompile:	163	163
[2019-11-14 00:19:45.806][debug]: [src.service:782]collectgarbage: 	0.052
[2019-11-14 00:19:45.806][debug]: [src.service:853]
State
Main Mem:  [10176.301]kb
#001 Mem:  [150.256]kb
#002 Mem:  [72.325]kb
#003 Mem:  <Unknown>
-------------------
CachedVM:  [0]
AlivedVM:  [0]
DeadVM:    [0]
-------------------
CachedSrc: [0]
AlivedSrc: [1]
DeadSrc:   [1]
-------------------
CachedFunc:[0]
AlivedFunc:[0]
DeadFunc:  [0]
-------------------
TotalVal:  [317]
DeadVal:   [317]
-------------------
TotalLoc:  [0]
TotalEmmy: [10]

[2019-11-14 00:19:45.806][debug]: [src.service:895]test memory: 	0.000
[2019-11-14 00:19:45.862][debug]: [src.service:269]Read failed due to duplicate:	file:///c%3A/Users/l/.vscode/extensions/sumneko.lua/server/src/method/textDocument/foldingRange.lua
[2019-11-14 00:19:49.980][warn]: [src.service:493]Compile Ast[file:///c%3A/Users/l/.vscode/extensions/sumneko.lua/server-beta/src/parser/ast.lua] takes [0.147] sec, size [46.292]kb
[2019-11-14 00:20:12.597][debug]: [src.service:531]Compile VM[file:///c%3A/Users/l/.vscode/extensions/sumneko.lua/server-beta/src/parser/emmy.lua] takes: 0.436 sec
[2019-11-14 00:20:17.603][debug]: [src.service:61]Task [textDocument/publishDiagnostics] takes [0.316]sec.
[2019-11-14 00:20:34.894][debug]: [src.config:184]Config update: 	{
	completion = {
		callSnippet = "Disable",
		enable = true,
		keywordSnippet = "Replace",
	},
	diagnostics = {
		disable = {
		},
		enable = true,
		globals = {
			ERR = true,
			GC = true,
			ID = true,
			IN = true,
			OUT = true,
			_G = true,
			ac = true,
			log = true,
		},
		severity = {
			["ambiguity-1"] = "Warning",
			["duplicate-index"] = "Warning",
			["duplicate-method"] = "Warning",
			["emmy-lua"] = "Warning",
			["empty-block"] = "Hint",
			["global-in-nil-env"] = "Warning",
			["lowercase-global"] = "Information",
			["newfield-call"] = "Warning",
			["newline-call"] = "Information",
			["redefined-local"] = "Hint",
			["redundant-parameter"] = "Hint",
			["redundant-value"] = "Hint",
			["set-const"] = "Error",
			["trailing-space"] = "Hint",
			["undefined-env-child"] = "Information",
			["undefined-global"] = "Warning",
			["unused-function"] = "Hint",
			["unused-label"] = "Hint",
			["unused-local"] = "Hint",
			["unused-vararg"] = "Hint",
		},
	},
	plugin = {
		enable = true,
		path = ".vscode/lua-plugin/*.lua",
	},
	runtime = {
		library = {
		},
		path = {
			[1] = "?.lua",
			[2] = "?/init.lua",
			[3] = "?/?.lua",
		},
		version = "Lua 5.4",
	},
	workspace = {
		ignoreDir = {
			[".vscode"] = true,
			["/server-beta/libs/"] = true,
			["/server-beta/locale/"] = true,
			["/server-beta/meta/"] = true,
			["/server-beta/src/3rd"] = true,
			["/server/libs/"] = true,
			["/server/locale/"] = true,
			["/server/meta/"] = true,
			["/server/src/3rd"] = true,
		},
		ignoreSubmodules = true,
		library = {
			["E:/Github/test"] = true,
			["server/src/meta"] = true,
		},
		maxPreload = 400,
		preloadFileSize = 1000,
		useGitIgnore = true,
	},
}	{
	associations = {
		["*.lni"] = "lua",
	},
	exclude = {
		["**/.DS_Store"] = true,
		["**/.git"] = true,
		["**/.hg"] = true,
		["**/.svn"] = true,
		["**/CVS"] = true,
	},
}
[2019-11-14 00:20:48.786][debug]: [src.service:531]Compile VM[file:///c%3A/Users/l/.vscode/extensions/sumneko.lua/server/src/core/document_symbol.lua] takes: 0.427 sec
[2019-11-14 00:20:52.554][debug]: [src.service:531]Compile VM[file:///c%3A/Users/l/.vscode/extensions/sumneko.lua/server/src/service.lua] takes: 0.230 sec
[2019-11-14 00:20:58.236][debug]: [src.service:782]collectgarbage: 	0.330
[2019-11-14 00:20:58.288][debug]: [src.service:853]
State
Main Mem:  [142210.224]kb
#001 Mem:  [186.863]kb
#002 Mem:  [98.413]kb
#003 Mem:  [109.400]kb
-------------------
CachedVM:  [285]
AlivedVM:  [285]
DeadVM:    [0]
-------------------
CachedSrc: [153071]
AlivedSrc: [154050]
DeadSrc:   [0]
-------------------
CachedFunc:[2332]
AlivedFunc:[2495]
DeadFunc:  [0]
-------------------
TotalVal:  [28919]
DeadVal:   [2983]
-------------------
TotalLoc:  [9998]
TotalEmmy: [315]

[2019-11-14 00:20:58.288][debug]: [src.service:895]test memory: 	0.052
[2019-11-14 00:21:24.379][debug]: [src.service:277]Read failed due to ignored:	file:///c%3A/Users/l/.vscode/extensions/sumneko.lua/publish/0.14.0/server/platform.lua
[2019-11-14 00:21:24.380][debug]: [src.service:277]Read failed due to ignored:	file:///c%3A/Users/l/.vscode/extensions/sumneko.lua/publish/0.14.0/server/libs/@lua/basic.lni
[2019-11-14 00:21:24.380][debug]: [src.service:277]Read failed due to ignored:	file:///c%3A/Users/l/.vscode/extensions/sumneko.lua/publish/0.14.0/server/libs/@lua/bit32.lni
[2019-11-14 00:21:24.383][debug]: [src.service:277]Read failed due to ignored:	file:///c%3A/Users/l/.vscode/extensions/sumneko.lua/publish/0.14.0/server/libs/@lua/coroutine.lni
[2019-11-14 00:21:24.383][debug]: [src.service:277]Read failed due to ignored:	file:///c%3A/Users/l/.vscode/extensions/sumneko.lua/publish/0.14.0/server/libs/@lua/debug.lni
[2019-11-14 00:21:24.384][debug]: [src.service:277]Read failed due to ignored:	file:///c%3A/Users/l/.vscode/extensions/sumneko.lua/publish/0.14.0/server/libs/@lua/file.lni
[2019-11-14 00:21:24.384][debug]: [src.service:277]Read failed due to ignored:	file:///c%3A/Users/l/.vscode/extensions/sumneko.lua/publish/0.14.0/server/libs/@lua/io.lni
[2019-11-14 00:21:24.385][debug]: [src.service:277]Read failed due to ignored:	file:///c%3A/Users/l/.vscode/extensions/sumneko.lua/publish/0.14.0/server/libs/@lua/math.lni
[2019-11-14 00:21:24.385][debug]: [src.service:277]Read failed due to ignored:	file:///c%3A/Users/l/.vscode/extensions/sumneko.lua/publish/0.14.0/server/libs/@lua/os.lni
[2019-11-14 00:21:24.386][debug]: [src.service:277]Read failed due to ignored:	file:///c%3A/Users/l/.vscode/extensions/sumneko.lua/publish/0.14.0/server/libs/@lua/package.lni
[2019-11-14 00:21:24.386][debug]: [src.service:277]Read failed due to ignored:	file:///c%3A/Users/l/.vscode/extensions/sumneko.lua/publish/0.14.0/server/libs/@lua/string.lni
[2019-11-14 00:21:24.386][debug]: [src.service:277]Read failed due to ignored:	file:///c%3A/Users/l/.vscode/extensions/sumneko.lua/publish/0.14.0/server/libs/@lua/table.lni
[2019-11-14 00:21:24.387][debug]: [src.service:277]Read failed due to ignored:	file:///c%3A/Users/l/.vscode/extensions/sumneko.lua/publish/0.14.0/server/libs/@lua/utf8.lni
[2019-11-14 00:21:24.387][debug]: [src.service:277]Read failed due to ignored:	file:///c%3A/Users/l/.vscode/extensions/sumneko.lua/publish/0.14.0/server/libs/@luaJIT/bit.lni
[2019-11-14 00:21:24.388][debug]: [src.service:277]Read failed due to ignored:	file:///c%3A/Users/l/.vscode/extensions/sumneko.lua/publish/0.14.0/server/libs/@luaJIT/ffi.lni
[2019-11-14 00:21:24.388][debug]: [src.service:277]Read failed due to ignored:	file:///c%3A/Users/l/.vscode/extensions/sumneko.lua/publish/0.14.0/server/libs/@luaJIT/jit.lni
[2019-11-14 00:21:24.388][debug]: [src.service:277]Read failed due to ignored:	file:///c%3A/Users/l/.vscode/extensions/sumneko.lua/publish/0.14.0/server/libs/bee/filesystem.lni
[2019-11-14 00:21:24.389][debug]: [src.service:277]Read failed due to ignored:	file:///c%3A/Users/l/.vscode/extensions/sumneko.lua/publish/0.14.0/server/libs/jass/common.lni
[2019-11-14 00:21:24.389][debug]: [src.service:277]Read failed due to ignored:	file:///c%3A/Users/l/.vscode/extensions/sumneko.lua/publish/0.14.0/server/libs/jass/japi.lni
[2019-11-14 00:21:24.390][debug]: [src.service:277]Read failed due to ignored:	file:///c%3A/Users/l/.vscode/extensions/sumneko.lua/publish/0.14.0/server/libs/test/basic.lni
[2019-11-14 00:21:24.390][debug]: [src.service:277]Read failed due to ignored:	file:///c%3A/Users/l/.vscode/extensions/sumneko.lua/publish/0.14.0/server/test.lua
[2019-11-14 00:21:24.390][debug]: [src.service:277]Read failed due to ignored:	file:///c%3A/Users/l/.vscode/extensions/sumneko.lua/publish/0.14.0/server/src/3rd/lua-uri/uri/data.lua
[2019-11-14 00:21:24.391][debug]: [src.service:277]Read failed due to ignored:	file:///c%3A/Users/l/.vscode/extensions/sumneko.lua/publish/0.14.0/server/src/3rd/lua-uri/uri/file/unix.lua
[2019-11-14 00:21:24.391][debug]: [src.service:277]Read failed due to ignored:	file:///c%3A/Users/l/.vscode/extensions/sumneko.lua/publish/0.14.0/server/src/3rd/lua-uri/uri/file/win32.lua
[2019-11-14 00:21:24.392][debug]: [src.service:277]Read failed due to ignored:	file:///c%3A/Users/l/.vscode/extensions/sumneko.lua/publish/0.14.0/server/src/3rd/lua-uri/uri/file.lua
[2019-11-14 00:21:24.392][debug]: [src.service:277]Read failed due to ignored:	file:///c%3A/Users/l/.vscode/extensions/sumneko.lua/publish/0.14.0/server/src/3rd/lua-uri/uri/ftp.lua
[2019-11-14 00:21:24.392][debug]: [src.service:277]Read failed due to ignored:	file:///c%3A/Users/l/.vscode/extensions/sumneko.lua/publish/0.14.0/server/src/3rd/lua-uri/uri/http.lua
[2019-11-14 00:21:24.393][debug]: [src.service:277]Read failed due to ignored:	file:///c%3A/Users/l/.vscode/extensions/sumneko.lua/publish/0.14.0/server/src/3rd/lua-uri/uri/https.lua
[2019-11-14 00:21:24.394][debug]: [src.service:277]Read failed due to ignored:	file:///c%3A/Users/l/.vscode/extensions/sumneko.lua/publish/0.14.0/server/src/3rd/lua-uri/uri/pop.lua
[2019-11-14 00:21:24.394][debug]: [src.service:277]Read failed due to ignored:	file:///c%3A/Users/l/.vscode/extensions/sumneko.lua/publish/0.14.0/server/src/3rd/lua-uri/uri/rtsp.lua
[2019-11-14 00:21:24.394][debug]: [src.service:277]Read failed due to ignored:	file:///c%3A/Users/l/.vscode/extensions/sumneko.lua/publish/0.14.0/server/src/3rd/lua-uri/uri/rtspu.lua
[2019-11-14 00:21:24.395][debug]: [src.service:277]Read failed due to ignored:	file:///c%3A/Users/l/.vscode/extensions/sumneko.lua/publish/0.14.0/server/src/3rd/lua-uri/uri/telnet.lua
[2019-11-14 00:21:24.395][debug]: [src.service:277]Read failed due to ignored:	file:///c%3A/Users/l/.vscode/extensions/sumneko.lua/publish/0.14.0/server/src/3rd/lua-uri/uri/urn/isbn.lua
[2019-11-14 00:21:24.396][debug]: [src.service:277]Read failed due to ignored:	file:///c%3A/Users/l/.vscode/extensions/sumneko.lua/publish/0.14.0/server/src/3rd/lua-uri/uri/urn/issn.lua
[2019-11-14 00:21:24.396][debug]: [src.service:277]Read failed due to ignored:	file:///c%3A/Users/l/.vscode/extensions/sumneko.lua/publish/0.14.0/server/src/3rd/lua-uri/uri/urn/oid.lua
[2019-11-14 00:21:24.396][debug]: [src.service:277]Read failed due to ignored:	file:///c%3A/Users/l/.vscode/extensions/sumneko.lua/publish/0.14.0/server/src/3rd/lua-uri/uri/urn.lua
[2019-11-14 00:21:24.397][debug]: [src.service:277]Read failed due to ignored:	file:///c%3A/Users/l/.vscode/extensions/sumneko.lua/publish/0.14.0/server/src/3rd/lua-uri/uri/_login.lua
[2019-11-14 00:21:24.397][debug]: [src.service:277]Read failed due to ignored:	file:///c%3A/Users/l/.vscode/extensions/sumneko.lua/publish/0.14.0/server/src/3rd/lua-uri/uri/_relative.lua
[2019-11-14 00:21:24.399][debug]: [src.service:277]Read failed due to ignored:	file:///c%3A/Users/l/.vscode/extensions/sumneko.lua/publish/0.14.0/server/src/3rd/lua-uri/uri/_util.lua
[2019-11-14 00:21:24.400][debug]: [src.service:277]Read failed due to ignored:	file:///c%3A/Users/l/.vscode/extensions/sumneko.lua/publish/0.14.0/server/src/3rd/lua-uri/uri.lua
[2019-11-14 00:21:24.400][debug]: [src.service:277]Read failed due to ignored:	file:///c%3A/Users/l/.vscode/extensions/sumneko.lua/publish/0.14.0/server/src/async/async.lua
[2019-11-14 00:21:24.400][debug]: [src.service:277]Read failed due to ignored:	file:///c%3A/Users/l/.vscode/extensions/sumneko.lua/publish/0.14.0/server/src/async/init.lua
[2019-11-14 00:21:24.401][debug]: [src.service:277]Read failed due to ignored:	file:///c%3A/Users/l/.vscode/extensions/sumneko.lua/publish/0.14.0/server/src/async/loadfile.lua
[2019-11-14 00:21:24.401][debug]: [src.service:277]Read failed due to ignored:	file:///c%3A/Users/l/.vscode/extensions/sumneko.lua/publish/0.14.0/server/src/async/proto.lua
[2019-11-14 00:21:24.401][debug]: [src.service:277]Read failed due to ignored:	file:///c%3A/Users/l/.vscode/extensions/sumneko.lua/publish/0.14.0/server/src/async/scanfiles.lua
[2019-11-14 00:21:24.402][debug]: [src.service:277]Read failed due to ignored:	file:///c%3A/Users/l/.vscode/extensions/sumneko.lua/publish/0.14.0/server/src/capability/completion.lua
[2019-11-14 00:21:24.402][debug]: [src.service:277]Read failed due to ignored:	file:///c%3A/Users/l/.vscode/extensions/sumneko.lua/publish/0.14.0/server/src/capability/init.lua
[2019-11-14 00:21:24.403][debug]: [src.service:277]Read failed due to ignored:	file:///c%3A/Users/l/.vscode/extensions/sumneko.lua/publish/0.14.0/server/src/config.lua
[2019-11-14 00:21:24.403][debug]: [src.service:277]Read failed due to ignored:	file:///c%3A/Users/l/.vscode/extensions/sumneko.lua/publish/0.14.0/server/src/constant/DiagnosticDefaultSeverity.lua
[2019-11-14 00:21:24.404][debug]: [src.service:277]Read failed due to ignored:	file:///c%3A/Users/l/.vscode/extensions/sumneko.lua/publish/0.14.0/server/src/constant/DiagnosticSeverity.lua
[2019-11-14 00:21:24.404][debug]: [src.service:277]Read failed due to ignored:	file:///c%3A/Users/l/.vscode/extensions/sumneko.lua/publish/0.14.0/server/src/constant/DiagnosticTag.lua
[2019-11-14 00:21:24.405][debug]: [src.service:277]Read failed due to ignored:	file:///c%3A/Users/l/.vscode/extensions/sumneko.lua/publish/0.14.0/server/src/core/code_action.lua
[2019-11-14 00:21:24.405][debug]: [src.service:277]Read failed due to ignored:	file:///c%3A/Users/l/.vscode/extensions/sumneko.lua/publish/0.14.0/server/src/core/completion.lua
[2019-11-14 00:21:24.405][debug]: [src.service:277]Read failed due to ignored:	file:///c%3A/Users/l/.vscode/extensions/sumneko.lua/publish/0.14.0/server/src/core/definition.lua
[2019-11-14 00:21:24.406][debug]: [src.service:277]Read failed due to ignored:	file:///c%3A/Users/l/.vscode/extensions/sumneko.lua/publish/0.14.0/server/src/core/diagnostics.lua
[2019-11-14 00:21:24.406][debug]: [src.service:277]Read failed due to ignored:	file:///c%3A/Users/l/.vscode/extensions/sumneko.lua/publish/0.14.0/server/src/core/document_symbol.lua
[2019-11-14 00:21:24.407][debug]: [src.service:277]Read failed due to ignored:	file:///c%3A/Users/l/.vscode/extensions/sumneko.lua/publish/0.14.0/server/src/core/find_lib.lua
[2019-11-14 00:21:24.407][debug]: [src.service:277]Read failed due to ignored:	file:///c%3A/Users/l/.vscode/extensions/sumneko.lua/publish/0.14.0/server/src/core/find_source.lua
[2019-11-14 00:21:24.407][debug]: [src.service:277]Read failed due to ignored:	file:///c%3A/Users/l/.vscode/extensions/sumneko.lua/publish/0.14.0/server/src/core/folding_range.lua
[2019-11-14 00:21:24.408][debug]: [src.service:277]Read failed due to ignored:	file:///c%3A/Users/l/.vscode/extensions/sumneko.lua/publish/0.14.0/server/src/core/global.lua
[2019-11-14 00:21:24.408][debug]: [src.service:277]Read failed due to ignored:	file:///c%3A/Users/l/.vscode/extensions/sumneko.lua/publish/0.14.0/server/src/core/highlight.lua
[2019-11-14 00:21:24.408][debug]: [src.service:277]Read failed due to ignored:	file:///c%3A/Users/l/.vscode/extensions/sumneko.lua/publish/0.14.0/server/src/core/hover/emmy_function.lua
[2019-11-14 00:21:24.409][debug]: [src.service:277]Read failed due to ignored:	file:///c%3A/Users/l/.vscode/extensions/sumneko.lua/publish/0.14.0/server/src/core/hover/function.lua
[2019-11-14 00:21:24.409][debug]: [src.service:277]Read failed due to ignored:	file:///c%3A/Users/l/.vscode/extensions/sumneko.lua/publish/0.14.0/server/src/core/hover/hover.lua
[2019-11-14 00:21:24.409][debug]: [src.service:277]Read failed due to ignored:	file:///c%3A/Users/l/.vscode/extensions/sumneko.lua/publish/0.14.0/server/src/core/hover/init.lua
[2019-11-14 00:21:24.410][debug]: [src.service:277]Read failed due to ignored:	file:///c%3A/Users/l/.vscode/extensions/sumneko.lua/publish/0.14.0/server/src/core/hover/lib_function.lua
[2019-11-14 00:21:24.410][debug]: [src.service:277]Read failed due to ignored:	file:///c%3A/Users/l/.vscode/extensions/sumneko.lua/publish/0.14.0/server/src/core/hover/name.lua
[2019-11-14 00:21:24.410][debug]: [src.service:277]Read failed due to ignored:	file:///c%3A/Users/l/.vscode/extensions/sumneko.lua/publish/0.14.0/server/src/core/implementation.lua
[2019-11-14 00:21:24.411][debug]: [src.service:277]Read failed due to ignored:	file:///c%3A/Users/l/.vscode/extensions/sumneko.lua/publish/0.14.0/server/src/core/init.lua
[2019-11-14 00:21:24.411][debug]: [src.service:277]Read failed due to ignored:	file:///c%3A/Users/l/.vscode/extensions/sumneko.lua/publish/0.14.0/server/src/core/library.lua
[2019-11-14 00:21:24.412][debug]: [src.service:277]Read failed due to ignored:	file:///c%3A/Users/l/.vscode/extensions/sumneko.lua/publish/0.14.0/server/src/core/matchKey.lua
[2019-11-14 00:21:24.412][debug]: [src.service:277]Read failed due to ignored:	file:///c%3A/Users/l/.vscode/extensions/sumneko.lua/publish/0.14.0/server/src/core/name.lua
[2019-11-14 00:21:24.412][debug]: [src.service:277]Read failed due to ignored:	file:///c%3A/Users/l/.vscode/extensions/sumneko.lua/publish/0.14.0/server/src/core/references.lua
[2019-11-14 00:21:24.413][debug]: [src.service:277]Read failed due to ignored:	file:///c%3A/Users/l/.vscode/extensions/sumneko.lua/publish/0.14.0/server/src/core/rename.lua
[2019-11-14 00:21:24.413][debug]: [src.service:277]Read failed due to ignored:	file:///c%3A/Users/l/.vscode/extensions/sumneko.lua/publish/0.14.0/server/src/core/signature.lua
[2019-11-14 00:21:24.413][debug]: [src.service:277]Read failed due to ignored:	file:///c%3A/Users/l/.vscode/extensions/sumneko.lua/publish/0.14.0/server/src/core/snippet.lua
[2019-11-14 00:21:24.414][debug]: [src.service:277]Read failed due to ignored:	file:///c%3A/Users/l/.vscode/extensions/sumneko.lua/publish/0.14.0/server/src/emmy/alias.lua
[2019-11-14 00:21:24.414][debug]: [src.service:277]Read failed due to ignored:	file:///c%3A/Users/l/.vscode/extensions/sumneko.lua/publish/0.14.0/server/src/emmy/arrayType.lua
[2019-11-14 00:21:24.415][debug]: [src.service:277]Read failed due to ignored:	file:///c%3A/Users/l/.vscode/extensions/sumneko.lua/publish/0.14.0/server/src/emmy/class.lua
[2019-11-14 00:21:24.415][debug]: [src.service:277]Read failed due to ignored:	file:///c%3A/Users/l/.vscode/extensions/sumneko.lua/publish/0.14.0/server/src/emmy/field.lua
[2019-11-14 00:21:24.415][debug]: [src.service:277]Read failed due to ignored:	file:///c%3A/Users/l/.vscode/extensions/sumneko.lua/publish/0.14.0/server/src/emmy/funcType.lua
[2019-11-14 00:21:24.416][debug]: [src.service:277]Read failed due to ignored:	file:///c%3A/Users/l/.vscode/extensions/sumneko.lua/publish/0.14.0/server/src/emmy/generic.lua
[2019-11-14 00:21:24.416][debug]: [src.service:277]Read failed due to ignored:	file:///c%3A/Users/l/.vscode/extensions/sumneko.lua/publish/0.14.0/server/src/emmy/init.lua
[2019-11-14 00:21:24.416][debug]: [src.service:277]Read failed due to ignored:	file:///c%3A/Users/l/.vscode/extensions/sumneko.lua/publish/0.14.0/server/src/emmy/manager.lua
[2019-11-14 00:21:24.417][debug]: [src.service:277]Read failed due to ignored:	file:///c%3A/Users/l/.vscode/extensions/sumneko.lua/publish/0.14.0/server/src/emmy/param.lua
[2019-11-14 00:21:24.417][debug]: [src.service:277]Read failed due to ignored:	file:///c%3A/Users/l/.vscode/extensions/sumneko.lua/publish/0.14.0/server/src/emmy/return.lua
[2019-11-14 00:21:24.417][debug]: [src.service:277]Read failed due to ignored:	file:///c%3A/Users/l/.vscode/extensions/sumneko.lua/publish/0.14.0/server/src/emmy/tableType.lua
[2019-11-14 00:21:24.418][debug]: [src.service:277]Read failed due to ignored:	file:///c%3A/Users/l/.vscode/extensions/sumneko.lua/publish/0.14.0/server/src/emmy/type.lua
[2019-11-14 00:21:24.418][debug]: [src.service:277]Read failed due to ignored:	file:///c%3A/Users/l/.vscode/extensions/sumneko.lua/publish/0.14.0/server/src/emmy/typeUnit.lua
[2019-11-14 00:21:24.419][debug]: [src.service:277]Read failed due to ignored:	file:///c%3A/Users/l/.vscode/extensions/sumneko.lua/publish/0.14.0/server/src/files/file.lua
[2019-11-14 00:21:24.419][debug]: [src.service:277]Read failed due to ignored:	file:///c%3A/Users/l/.vscode/extensions/sumneko.lua/publish/0.14.0/server/src/files/files.lua
[2019-11-14 00:21:24.420][debug]: [src.service:277]Read failed due to ignored:	file:///c%3A/Users/l/.vscode/extensions/sumneko.lua/publish/0.14.0/server/src/files/init.lua
[2019-11-14 00:21:24.420][debug]: [src.service:277]Read failed due to ignored:	file:///c%3A/Users/l/.vscode/extensions/sumneko.lua/publish/0.14.0/server/src/glob/gitignore.lua
[2019-11-14 00:21:24.421][debug]: [src.service:277]Read failed due to ignored:	file:///c%3A/Users/l/.vscode/extensions/sumneko.lua/publish/0.14.0/server/src/glob/glob.lua
[2019-11-14 00:21:24.421][debug]: [src.service:277]Read failed due to ignored:	file:///c%3A/Users/l/.vscode/extensions/sumneko.lua/publish/0.14.0/server/src/glob/init.lua
[2019-11-14 00:21:24.421][debug]: [src.service:277]Read failed due to ignored:	file:///c%3A/Users/l/.vscode/extensions/sumneko.lua/publish/0.14.0/server/src/glob/matcher.lua
[2019-11-14 00:21:24.422][debug]: [src.service:277]Read failed due to ignored:	file:///c%3A/Users/l/.vscode/extensions/sumneko.lua/publish/0.14.0/server/src/json/decode.lua
[2019-11-14 00:21:24.422][debug]: [src.service:277]Read failed due to ignored:	file:///c%3A/Users/l/.vscode/extensions/sumneko.lua/publish/0.14.0/server/src/json/encode.lua
[2019-11-14 00:21:24.423][debug]: [src.service:277]Read failed due to ignored:	file:///c%3A/Users/l/.vscode/extensions/sumneko.lua/publish/0.14.0/server/src/json/init.lua
[2019-11-14 00:21:24.423][debug]: [src.service:277]Read failed due to ignored:	file:///c%3A/Users/l/.vscode/extensions/sumneko.lua/publish/0.14.0/server/src/language.lua
[2019-11-14 00:21:24.424][debug]: [src.service:277]Read failed due to ignored:	file:///c%3A/Users/l/.vscode/extensions/sumneko.lua/publish/0.14.0/server/src/log.lua
[2019-11-14 00:21:24.424][debug]: [src.service:277]Read failed due to ignored:	file:///c%3A/Users/l/.vscode/extensions/sumneko.lua/publish/0.14.0/server/src/meta/type.lua
[2019-11-14 00:21:24.424][debug]: [src.service:277]Read failed due to ignored:	file:///c%3A/Users/l/.vscode/extensions/sumneko.lua/publish/0.14.0/server/src/method/exit.lua
[2019-11-14 00:21:24.425][debug]: [src.service:277]Read failed due to ignored:	file:///c%3A/Users/l/.vscode/extensions/sumneko.lua/publish/0.14.0/server/src/method/init.lua
[2019-11-14 00:21:24.425][debug]: [src.service:277]Read failed due to ignored:	file:///c%3A/Users/l/.vscode/extensions/sumneko.lua/publish/0.14.0/server/src/method/initialize.lua
[2019-11-14 00:21:24.425][debug]: [src.service:277]Read failed due to ignored:	file:///c%3A/Users/l/.vscode/extensions/sumneko.lua/publish/0.14.0/server/src/method/initialized.lua
[2019-11-14 00:21:24.426][debug]: [src.service:277]Read failed due to ignored:	file:///c%3A/Users/l/.vscode/extensions/sumneko.lua/publish/0.14.0/server/src/method/shutdown.lua
[2019-11-14 00:21:24.426][debug]: [src.service:277]Read failed due to ignored:	file:///c%3A/Users/l/.vscode/extensions/sumneko.lua/publish/0.14.0/server/src/method/textDocument/codeAction.lua
[2019-11-14 00:21:24.426][debug]: [src.service:277]Read failed due to ignored:	file:///c%3A/Users/l/.vscode/extensions/sumneko.lua/publish/0.14.0/server/src/method/textDocument/completion.lua
[2019-11-14 00:21:24.427][debug]: [src.service:277]Read failed due to ignored:	file:///c%3A/Users/l/.vscode/extensions/sumneko.lua/publish/0.14.0/server/src/method/textDocument/definition.lua
[2019-11-14 00:21:24.427][debug]: [src.service:277]Read failed due to ignored:	file:///c%3A/Users/l/.vscode/extensions/sumneko.lua/publish/0.14.0/server/src/method/textDocument/didChange.lua
[2019-11-14 00:21:24.427][debug]: [src.service:277]Read failed due to ignored:	file:///c%3A/Users/l/.vscode/extensions/sumneko.lua/publish/0.14.0/server/src/method/textDocument/didClose.lua
[2019-11-14 00:21:24.428][debug]: [src.service:277]Read failed due to ignored:	file:///c%3A/Users/l/.vscode/extensions/sumneko.lua/publish/0.14.0/server/src/method/textDocument/didOpen.lua
[2019-11-14 00:21:24.428][debug]: [src.service:277]Read failed due to ignored:	file:///c%3A/Users/l/.vscode/extensions/sumneko.lua/publish/0.14.0/server/src/method/textDocument/documentHighlight.lua
[2019-11-14 00:21:24.429][debug]: [src.service:277]Read failed due to ignored:	file:///c%3A/Users/l/.vscode/extensions/sumneko.lua/publish/0.14.0/server/src/method/textDocument/documentSymbol.lua
[2019-11-14 00:21:24.429][debug]: [src.service:277]Read failed due to ignored:	file:///c%3A/Users/l/.vscode/extensions/sumneko.lua/publish/0.14.0/server/src/method/textDocument/foldingRange.lua
[2019-11-14 00:21:24.429][debug]: [src.service:277]Read failed due to ignored:	file:///c%3A/Users/l/.vscode/extensions/sumneko.lua/publish/0.14.0/server/src/method/textDocument/hover.lua
[2019-11-14 00:21:24.430][debug]: [src.service:277]Read failed due to ignored:	file:///c%3A/Users/l/.vscode/extensions/sumneko.lua/publish/0.14.0/server/src/method/textDocument/implementation.lua
[2019-11-14 00:21:24.430][debug]: [src.service:277]Read failed due to ignored:	file:///c%3A/Users/l/.vscode/extensions/sumneko.lua/publish/0.14.0/server/src/method/textDocument/onTypeFormatting.lua
[2019-11-14 00:21:24.430][debug]: [src.service:277]Read failed due to ignored:	file:///c%3A/Users/l/.vscode/extensions/sumneko.lua/publish/0.14.0/server/src/method/textDocument/publishDiagnostics.lua
[2019-11-14 00:21:24.431][debug]: [src.service:277]Read failed due to ignored:	file:///c%3A/Users/l/.vscode/extensions/sumneko.lua/publish/0.14.0/server/src/method/textDocument/references.lua
[2019-11-14 00:21:24.431][debug]: [src.service:277]Read failed due to ignored:	file:///c%3A/Users/l/.vscode/extensions/sumneko.lua/publish/0.14.0/server/src/method/textDocument/rename.lua
[2019-11-14 00:21:24.431][debug]: [src.service:277]Read failed due to ignored:	file:///c%3A/Users/l/.vscode/extensions/sumneko.lua/publish/0.14.0/server/src/method/textDocument/signatureHelp.lua
[2019-11-14 00:21:24.432][debug]: [src.service:277]Read failed due to ignored:	file:///c%3A/Users/l/.vscode/extensions/sumneko.lua/publish/0.14.0/server/src/method/workspace/didChangeConfiguration.lua
[2019-11-14 00:21:24.432][debug]: [src.service:277]Read failed due to ignored:	file:///c%3A/Users/l/.vscode/extensions/sumneko.lua/publish/0.14.0/server/src/method/workspace/didChangeWatchedFiles.lua
[2019-11-14 00:21:24.433][debug]: [src.service:277]Read failed due to ignored:	file:///c%3A/Users/l/.vscode/extensions/sumneko.lua/publish/0.14.0/server/src/method/workspace/didChangeWorkspaceFolders.lua
[2019-11-14 00:21:24.433][debug]: [src.service:277]Read failed due to ignored:	file:///c%3A/Users/l/.vscode/extensions/sumneko.lua/publish/0.14.0/server/src/method/workspace/executeCommand.lua
[2019-11-14 00:21:24.434][debug]: [src.service:277]Read failed due to ignored:	file:///c%3A/Users/l/.vscode/extensions/sumneko.lua/publish/0.14.0/server/src/parser/ast.lua
[2019-11-14 00:21:24.435][debug]: [src.service:277]Read failed due to ignored:	file:///c%3A/Users/l/.vscode/extensions/sumneko.lua/publish/0.14.0/server/src/parser/calcline.lua
[2019-11-14 00:21:24.435][debug]: [src.service:277]Read failed due to ignored:	file:///c%3A/Users/l/.vscode/extensions/sumneko.lua/publish/0.14.0/server/src/parser/grammar.lua
[2019-11-14 00:21:24.435][debug]: [src.service:277]Read failed due to ignored:	file:///c%3A/Users/l/.vscode/extensions/sumneko.lua/publish/0.14.0/server/src/parser/init.lua
[2019-11-14 00:21:24.436][debug]: [src.service:277]Read failed due to ignored:	file:///c%3A/Users/l/.vscode/extensions/sumneko.lua/publish/0.14.0/server/src/parser/lines.lua
[2019-11-14 00:21:24.436][debug]: [src.service:277]Read failed due to ignored:	file:///c%3A/Users/l/.vscode/extensions/sumneko.lua/publish/0.14.0/server/src/parser/parse.lua
[2019-11-14 00:21:24.436][debug]: [src.service:277]Read failed due to ignored:	file:///c%3A/Users/l/.vscode/extensions/sumneko.lua/publish/0.14.0/server/src/parser/relabel.lua
[2019-11-14 00:21:24.437][debug]: [src.service:277]Read failed due to ignored:	file:///c%3A/Users/l/.vscode/extensions/sumneko.lua/publish/0.14.0/server/src/parser/split.lua
[2019-11-14 00:21:24.437][debug]: [src.service:277]Read failed due to ignored:	file:///c%3A/Users/l/.vscode/extensions/sumneko.lua/publish/0.14.0/server/src/plugin.lua
[2019-11-14 00:21:24.438][debug]: [src.service:277]Read failed due to ignored:	file:///c%3A/Users/l/.vscode/extensions/sumneko.lua/publish/0.14.0/server/src/rpc.lua
[2019-11-14 00:21:24.438][debug]: [src.service:277]Read failed due to ignored:	file:///c%3A/Users/l/.vscode/extensions/sumneko.lua/publish/0.14.0/server/src/sandbox.lua
[2019-11-14 00:21:24.438][debug]: [src.service:277]Read failed due to ignored:	file:///c%3A/Users/l/.vscode/extensions/sumneko.lua/publish/0.14.0/server/src/service.lua
[2019-11-14 00:21:24.439][debug]: [src.service:277]Read failed due to ignored:	file:///c%3A/Users/l/.vscode/extensions/sumneko.lua/publish/0.14.0/server/src/task.lua
[2019-11-14 00:21:24.439][debug]: [src.service:277]Read failed due to ignored:	file:///c%3A/Users/l/.vscode/extensions/sumneko.lua/publish/0.14.0/server/src/timer.lua
[2019-11-14 00:21:24.439][debug]: [src.service:277]Read failed due to ignored:	file:///c%3A/Users/l/.vscode/extensions/sumneko.lua/publish/0.14.0/server/src/uri.lua
[2019-11-14 00:21:24.440][debug]: [src.service:277]Read failed due to ignored:	file:///c%3A/Users/l/.vscode/extensions/sumneko.lua/publish/0.14.0/server/src/utility.lua
[2019-11-14 00:21:24.440][debug]: [src.service:277]Read failed due to ignored:	file:///c%3A/Users/l/.vscode/extensions/sumneko.lua/publish/0.14.0/server/src/vm/chain.lua
[2019-11-14 00:21:24.440][debug]: [src.service:277]Read failed due to ignored:	file:///c%3A/Users/l/.vscode/extensions/sumneko.lua/publish/0.14.0/server/src/vm/emmy.lua
[2019-11-14 00:21:24.441][debug]: [src.service:277]Read failed due to ignored:	file:///c%3A/Users/l/.vscode/extensions/sumneko.lua/publish/0.14.0/server/src/vm/function.lua
[2019-11-14 00:21:24.441][debug]: [src.service:277]Read failed due to ignored:	file:///c%3A/Users/l/.vscode/extensions/sumneko.lua/publish/0.14.0/server/src/vm/global.lua
[2019-11-14 00:21:24.441][debug]: [src.service:277]Read failed due to ignored:	file:///c%3A/Users/l/.vscode/extensions/sumneko.lua/publish/0.14.0/server/src/vm/init.lua
[2019-11-14 00:21:24.442][debug]: [src.service:277]Read failed due to ignored:	file:///c%3A/Users/l/.vscode/extensions/sumneko.lua/publish/0.14.0/server/src/vm/ipairs.lua
[2019-11-14 00:21:24.442][debug]: [src.service:277]Read failed due to ignored:	file:///c%3A/Users/l/.vscode/extensions/sumneko.lua/publish/0.14.0/server/src/vm/label.lua
[2019-11-14 00:21:24.442][debug]: [src.service:277]Read failed due to ignored:	file:///c%3A/Users/l/.vscode/extensions/sumneko.lua/publish/0.14.0/server/src/vm/library.lua
[2019-11-14 00:21:24.443][debug]: [src.service:277]Read failed due to ignored:	file:///c%3A/Users/l/.vscode/extensions/sumneko.lua/publish/0.14.0/server/src/vm/list.lua
[2019-11-14 00:21:24.443][debug]: [src.service:277]Read failed due to ignored:	file:///c%3A/Users/l/.vscode/extensions/sumneko.lua/publish/0.14.0/server/src/vm/local.lua
[2019-11-14 00:21:24.444][debug]: [src.service:277]Read failed due to ignored:	file:///c%3A/Users/l/.vscode/extensions/sumneko.lua/publish/0.14.0/server/src/vm/manager.lua
[2019-11-14 00:21:24.444][debug]: [src.service:277]Read failed due to ignored:	file:///c%3A/Users/l/.vscode/extensions/sumneko.lua/publish/0.14.0/server/src/vm/module.lua
[2019-11-14 00:21:24.445][debug]: [src.service:277]Read failed due to ignored:	file:///c%3A/Users/l/.vscode/extensions/sumneko.lua/publish/0.14.0/server/src/vm/multi.lua
[2019-11-14 00:21:24.445][debug]: [src.service:277]Read failed due to ignored:	file:///c%3A/Users/l/.vscode/extensions/sumneko.lua/publish/0.14.0/server/src/vm/pcall.lua
[2019-11-14 00:21:24.446][debug]: [src.service:277]Read failed due to ignored:	file:///c%3A/Users/l/.vscode/extensions/sumneko.lua/publish/0.14.0/server/src/vm/raw.lua
[2019-11-14 00:21:24.446][debug]: [src.service:277]Read failed due to ignored:	file:///c%3A/Users/l/.vscode/extensions/sumneko.lua/publish/0.14.0/server/src/vm/source.lua
[2019-11-14 00:21:24.446][debug]: [src.service:277]Read failed due to ignored:	file:///c%3A/Users/l/.vscode/extensions/sumneko.lua/publish/0.14.0/server/src/vm/special.lua
[2019-11-14 00:21:24.447][debug]: [src.service:277]Read failed due to ignored:	file:///c%3A/Users/l/.vscode/extensions/sumneko.lua/publish/0.14.0/server/src/vm/value.lua
[2019-11-14 00:21:24.447][debug]: [src.service:277]Read failed due to ignored:	file:///c%3A/Users/l/.vscode/extensions/sumneko.lua/publish/0.14.0/server/src/vm/vm.lua
[2019-11-14 00:21:24.447][debug]: [src.service:277]Read failed due to ignored:	file:///c%3A/Users/l/.vscode/extensions/sumneko.lua/publish/0.14.0/server/src/workspace.lua
[2019-11-14 00:21:24.448][debug]: [src.service:277]Read failed due to ignored:	file:///c%3A/Users/l/.vscode/extensions/sumneko.lua/publish/0.14.0/server/main.lua
[2019-11-14 00:21:24.451][debug]: [src.service:277]Read failed due to ignored:	file:///c%3A/Users/l/.vscode/extensions/sumneko.lua/publish/0.14.0/server/locale/en-US/libs/@lua/basic.lni
[2019-11-14 00:21:24.451][debug]: [src.service:277]Read failed due to ignored:	file:///c%3A/Users/l/.vscode/extensions/sumneko.lua/publish/0.14.0/server/locale/en-US/libs/@lua/bit32.lni
[2019-11-14 00:21:24.451][debug]: [src.service:277]Read failed due to ignored:	file:///c%3A/Users/l/.vscode/extensions/sumneko.lua/publish/0.14.0/server/locale/en-US/libs/@lua/coroutine.lni
[2019-11-14 00:21:24.452][debug]: [src.service:277]Read failed due to ignored:	file:///c%3A/Users/l/.vscode/extensions/sumneko.lua/publish/0.14.0/server/locale/en-US/libs/@lua/debug.lni
[2019-11-14 00:21:24.452][debug]: [src.service:277]Read failed due to ignored:	file:///c%3A/Users/l/.vscode/extensions/sumneko.lua/publish/0.14.0/server/locale/en-US/libs/@lua/file.lni
[2019-11-14 00:21:24.452][debug]: [src.service:277]Read failed due to ignored:	file:///c%3A/Users/l/.vscode/extensions/sumneko.lua/publish/0.14.0/server/locale/en-US/libs/@lua/io.lni
[2019-11-14 00:21:24.453][debug]: [src.service:277]Read failed due to ignored:	file:///c%3A/Users/l/.vscode/extensions/sumneko.lua/publish/0.14.0/server/locale/en-US/libs/@lua/math.lni
[2019-11-14 00:21:24.453][debug]: [src.service:277]Read failed due to ignored:	file:///c%3A/Users/l/.vscode/extensions/sumneko.lua/publish/0.14.0/server/locale/en-US/libs/@lua/os.lni
[2019-11-14 00:21:24.454][debug]: [src.service:277]Read failed due to ignored:	file:///c%3A/Users/l/.vscode/extensions/sumneko.lua/publish/0.14.0/server/locale/en-US/libs/@lua/package.lni
[2019-11-14 00:21:24.454][debug]: [src.service:277]Read failed due to ignored:	file:///c%3A/Users/l/.vscode/extensions/sumneko.lua/publish/0.14.0/server/locale/en-US/libs/@lua/string.lni
[2019-11-14 00:21:24.454][debug]: [src.service:277]Read failed due to ignored:	file:///c%3A/Users/l/.vscode/extensions/sumneko.lua/publish/0.14.0/server/locale/en-US/libs/@lua/table.lni
[2019-11-14 00:21:24.455][debug]: [src.service:277]Read failed due to ignored:	file:///c%3A/Users/l/.vscode/extensions/sumneko.lua/publish/0.14.0/server/locale/en-US/libs/@lua/utf8.lni
[2019-11-14 00:21:24.455][debug]: [src.service:277]Read failed due to ignored:	file:///c%3A/Users/l/.vscode/extensions/sumneko.lua/publish/0.14.0/server/locale/en-US/script.lni
[2019-11-14 00:21:24.456][debug]: [src.service:277]Read failed due to ignored:	file:///c%3A/Users/l/.vscode/extensions/sumneko.lua/publish/0.14.0/server/locale/zh-CN/libs/@lua/basic.lni
[2019-11-14 00:21:24.456][debug]: [src.service:277]Read failed due to ignored:	file:///c%3A/Users/l/.vscode/extensions/sumneko.lua/publish/0.14.0/server/locale/zh-CN/libs/@lua/bit32.lni
[2019-11-14 00:21:24.456][debug]: [src.service:277]Read failed due to ignored:	file:///c%3A/Users/l/.vscode/extensions/sumneko.lua/publish/0.14.0/server/locale/zh-CN/libs/@lua/coroutine.lni
[2019-11-14 00:21:24.457][debug]: [src.service:277]Read failed due to ignored:	file:///c%3A/Users/l/.vscode/extensions/sumneko.lua/publish/0.14.0/server/locale/zh-CN/libs/@lua/debug.lni
[2019-11-14 00:21:24.458][debug]: [src.service:277]Read failed due to ignored:	file:///c%3A/Users/l/.vscode/extensions/sumneko.lua/publish/0.14.0/server/locale/zh-CN/libs/@lua/file.lni
[2019-11-14 00:21:24.458][debug]: [src.service:277]Read failed due to ignored:	file:///c%3A/Users/l/.vscode/extensions/sumneko.lua/publish/0.14.0/server/locale/zh-CN/libs/@lua/io.lni
[2019-11-14 00:21:24.459][debug]: [src.service:277]Read failed due to ignored:	file:///c%3A/Users/l/.vscode/extensions/sumneko.lua/publish/0.14.0/server/locale/zh-CN/libs/@lua/math.lni
[2019-11-14 00:21:24.459][debug]: [src.service:277]Read failed due to ignored:	file:///c%3A/Users/l/.vscode/extensions/sumneko.lua/publish/0.14.0/server/locale/zh-CN/libs/@lua/os.lni
[2019-11-14 00:21:24.460][debug]: [src.service:277]Read failed due to ignored:	file:///c%3A/Users/l/.vscode/extensions/sumneko.lua/publish/0.14.0/server/locale/zh-CN/libs/@lua/package.lni
[2019-11-14 00:21:24.460][debug]: [src.service:277]Read failed due to ignored:	file:///c%3A/Users/l/.vscode/extensions/sumneko.lua/publish/0.14.0/server/locale/zh-CN/libs/@lua/string.lni
[2019-11-14 00:21:24.460][debug]: [src.service:277]Read failed due to ignored:	file:///c%3A/Users/l/.vscode/extensions/sumneko.lua/publish/0.14.0/server/locale/zh-CN/libs/@lua/table.lni
[2019-11-14 00:21:24.461][debug]: [src.service:277]Read failed due to ignored:	file:///c%3A/Users/l/.vscode/extensions/sumneko.lua/publish/0.14.0/server/locale/zh-CN/libs/@lua/utf8.lni
[2019-11-14 00:21:24.461][debug]: [src.service:277]Read failed due to ignored:	file:///c%3A/Users/l/.vscode/extensions/sumneko.lua/publish/0.14.0/server/locale/zh-CN/script.lni
[2019-11-14 00:21:24.461][debug]: [src.service:277]Read failed due to ignored:	file:///c%3A/Users/l/.vscode/extensions/sumneko.lua/publish/0.14.0/server/build_package.lua
[2019-11-14 00:21:24.462][debug]: [src.service:277]Read failed due to ignored:	file:///c%3A/Users/l/.vscode/extensions/sumneko.lua/publish/0.14.0/server/test/completion/init.lua
[2019-11-14 00:21:24.462][debug]: [src.service:277]Read failed due to ignored:	file:///c%3A/Users/l/.vscode/extensions/sumneko.lua/publish/0.14.0/server/test/crossfile/completion.lua
[2019-11-14 00:21:24.463][debug]: [src.service:277]Read failed due to ignored:	file:///c%3A/Users/l/.vscode/extensions/sumneko.lua/publish/0.14.0/server/test/crossfile/definition.lua
[2019-11-14 00:21:24.463][debug]: [src.service:277]Read failed due to ignored:	file:///c%3A/Users/l/.vscode/extensions/sumneko.lua/publish/0.14.0/server/test/crossfile/document_symbol.lua
[2019-11-14 00:21:24.464][debug]: [src.service:277]Read failed due to ignored:	file:///c%3A/Users/l/.vscode/extensions/sumneko.lua/publish/0.14.0/server/test/crossfile/hover.lua
[2019-11-14 00:21:24.464][debug]: [src.service:277]Read failed due to ignored:	file:///c%3A/Users/l/.vscode/extensions/sumneko.lua/publish/0.14.0/server/test/crossfile/init.lua
[2019-11-14 00:21:24.464][debug]: [src.service:277]Read failed due to ignored:	file:///c%3A/Users/l/.vscode/extensions/sumneko.lua/publish/0.14.0/server/test/crossfile/references.lua
[2019-11-14 00:21:24.465][debug]: [src.service:277]Read failed due to ignored:	file:///c%3A/Users/l/.vscode/extensions/sumneko.lua/publish/0.14.0/server/test/definition/arg.lua
[2019-11-14 00:21:24.465][debug]: [src.service:277]Read failed due to ignored:	file:///c%3A/Users/l/.vscode/extensions/sumneko.lua/publish/0.14.0/server/test/definition/bug.lua
[2019-11-14 00:21:24.466][debug]: [src.service:277]Read failed due to ignored:	file:///c%3A/Users/l/.vscode/extensions/sumneko.lua/publish/0.14.0/server/test/definition/emmy.lua
[2019-11-14 00:21:24.466][debug]: [src.service:277]Read failed due to ignored:	file:///c%3A/Users/l/.vscode/extensions/sumneko.lua/publish/0.14.0/server/test/definition/function.lua
[2019-11-14 00:21:24.467][debug]: [src.service:277]Read failed due to ignored:	file:///c%3A/Users/l/.vscode/extensions/sumneko.lua/publish/0.14.0/server/test/definition/init.lua
[2019-11-14 00:21:24.468][debug]: [src.service:277]Read failed due to ignored:	file:///c%3A/Users/l/.vscode/extensions/sumneko.lua/publish/0.14.0/server/test/definition/label.lua
[2019-11-14 00:21:24.469][debug]: [src.service:277]Read failed due to ignored:	file:///c%3A/Users/l/.vscode/extensions/sumneko.lua/publish/0.14.0/server/test/definition/local.lua
[2019-11-14 00:21:24.471][debug]: [src.service:277]Read failed due to ignored:	file:///c%3A/Users/l/.vscode/extensions/sumneko.lua/publish/0.14.0/server/test/definition/method.lua
[2019-11-14 00:21:24.471][debug]: [src.service:277]Read failed due to ignored:	file:///c%3A/Users/l/.vscode/extensions/sumneko.lua/publish/0.14.0/server/test/definition/set.lua
[2019-11-14 00:21:24.472][debug]: [src.service:277]Read failed due to ignored:	file:///c%3A/Users/l/.vscode/extensions/sumneko.lua/publish/0.14.0/server/test/definition/table.lua
[2019-11-14 00:21:24.472][debug]: [src.service:277]Read failed due to ignored:	file:///c%3A/Users/l/.vscode/extensions/sumneko.lua/publish/0.14.0/server/test/diagnostics/init.lua
[2019-11-14 00:21:24.473][debug]: [src.service:277]Read failed due to ignored:	file:///c%3A/Users/l/.vscode/extensions/sumneko.lua/publish/0.14.0/server/test/diagnostics/normal.lua
[2019-11-14 00:21:24.473][debug]: [src.service:277]Read failed due to ignored:	file:///c%3A/Users/l/.vscode/extensions/sumneko.lua/publish/0.14.0/server/test/diagnostics/syntax.lua
[2019-11-14 00:21:24.474][debug]: [src.service:277]Read failed due to ignored:	file:///c%3A/Users/l/.vscode/extensions/sumneko.lua/publish/0.14.0/server/test/document_symbol/init.lua
[2019-11-14 00:21:24.474][debug]: [src.service:277]Read failed due to ignored:	file:///c%3A/Users/l/.vscode/extensions/sumneko.lua/publish/0.14.0/server/test/find_lib/init.lua
[2019-11-14 00:21:24.475][debug]: [src.service:277]Read failed due to ignored:	file:///c%3A/Users/l/.vscode/extensions/sumneko.lua/publish/0.14.0/server/test/full/dirty.lua
[2019-11-14 00:21:24.475][debug]: [src.service:277]Read failed due to ignored:	file:///c%3A/Users/l/.vscode/extensions/sumneko.lua/publish/0.14.0/server/test/full/example.lua
[2019-11-14 00:21:24.476][debug]: [src.service:277]Read failed due to ignored:	file:///c%3A/Users/l/.vscode/extensions/sumneko.lua/publish/0.14.0/server/test/full/init.lua
[2019-11-14 00:21:24.476][debug]: [src.service:277]Read failed due to ignored:	file:///c%3A/Users/l/.vscode/extensions/sumneko.lua/publish/0.14.0/server/test/full/normal.lua
[2019-11-14 00:21:24.477][debug]: [src.service:277]Read failed due to ignored:	file:///c%3A/Users/l/.vscode/extensions/sumneko.lua/publish/0.14.0/server/test/highlight/init.lua
[2019-11-14 00:21:24.477][debug]: [src.service:277]Read failed due to ignored:	file:///c%3A/Users/l/.vscode/extensions/sumneko.lua/publish/0.14.0/server/test/hover/init.lua
[2019-11-14 00:21:24.477][debug]: [src.service:277]Read failed due to ignored:	file:///c%3A/Users/l/.vscode/extensions/sumneko.lua/publish/0.14.0/server/test/other/init.lua
[2019-11-14 00:21:24.478][debug]: [src.service:277]Read failed due to ignored:	file:///c%3A/Users/l/.vscode/extensions/sumneko.lua/publish/0.14.0/server/test/references/init.lua
[2019-11-14 00:21:24.478][debug]: [src.service:277]Read failed due to ignored:	file:///c%3A/Users/l/.vscode/extensions/sumneko.lua/publish/0.14.0/server/test/rename/init.lua
[2019-11-14 00:21:24.479][debug]: [src.service:277]Read failed due to ignored:	file:///c%3A/Users/l/.vscode/extensions/sumneko.lua/publish/0.14.0/server/test/signature/init.lua
[2019-11-14 00:21:24.479][debug]: [src.service:277]Read failed due to ignored:	file:///c%3A/Users/l/.vscode/extensions/sumneko.lua/publish/0.14.0/server/test/type_inference/init.lua
[2019-11-14 00:21:32.708][debug]: [src.service:277]Read failed due to ignored:	file:///c%3A/Users/l/.vscode/extensions/sumneko.lua/publish/lua/server/libs/@lua/basic.lni
[2019-11-14 00:21:32.708][debug]: [src.service:277]Read failed due to ignored:	file:///c%3A/Users/l/.vscode/extensions/sumneko.lua/publish/lua/server/libs/@lua/bit32.lni
[2019-11-14 00:21:32.708][debug]: [src.service:277]Read failed due to ignored:	file:///c%3A/Users/l/.vscode/extensions/sumneko.lua/publish/lua/server/libs/@lua/coroutine.lni
[2019-11-14 00:21:32.709][debug]: [src.service:277]Read failed due to ignored:	file:///c%3A/Users/l/.vscode/extensions/sumneko.lua/publish/lua/server/libs/@lua/debug.lni
[2019-11-14 00:21:32.709][debug]: [src.service:277]Read failed due to ignored:	file:///c%3A/Users/l/.vscode/extensions/sumneko.lua/publish/lua/server/libs/@lua/file.lni
[2019-11-14 00:21:32.709][debug]: [src.service:277]Read failed due to ignored:	file:///c%3A/Users/l/.vscode/extensions/sumneko.lua/publish/lua/server/libs/@lua/io.lni
[2019-11-14 00:21:32.710][debug]: [src.service:277]Read failed due to ignored:	file:///c%3A/Users/l/.vscode/extensions/sumneko.lua/publish/lua/server/libs/@lua/math.lni
[2019-11-14 00:21:32.710][debug]: [src.service:277]Read failed due to ignored:	file:///c%3A/Users/l/.vscode/extensions/sumneko.lua/publish/lua/server/libs/@lua/os.lni
[2019-11-14 00:21:32.710][debug]: [src.service:277]Read failed due to ignored:	file:///c%3A/Users/l/.vscode/extensions/sumneko.lua/publish/lua/server/libs/@lua/package.lni
[2019-11-14 00:21:32.711][debug]: [src.service:277]Read failed due to ignored:	file:///c%3A/Users/l/.vscode/extensions/sumneko.lua/publish/lua/server/libs/@lua/string.lni
[2019-11-14 00:21:32.711][debug]: [src.service:277]Read failed due to ignored:	file:///c%3A/Users/l/.vscode/extensions/sumneko.lua/publish/lua/server/libs/@lua/table.lni
[2019-11-14 00:21:32.711][debug]: [src.service:277]Read failed due to ignored:	file:///c%3A/Users/l/.vscode/extensions/sumneko.lua/publish/lua/server/libs/@lua/utf8.lni
[2019-11-14 00:21:32.712][debug]: [src.service:277]Read failed due to ignored:	file:///c%3A/Users/l/.vscode/extensions/sumneko.lua/publish/lua/server/libs/@luaJIT/bit.lni
[2019-11-14 00:21:32.712][debug]: [src.service:277]Read failed due to ignored:	file:///c%3A/Users/l/.vscode/extensions/sumneko.lua/publish/lua/server/libs/@luaJIT/ffi.lni
[2019-11-14 00:21:32.712][debug]: [src.service:277]Read failed due to ignored:	file:///c%3A/Users/l/.vscode/extensions/sumneko.lua/publish/lua/server/libs/@luaJIT/jit.lni
[2019-11-14 00:21:32.713][debug]: [src.service:277]Read failed due to ignored:	file:///c%3A/Users/l/.vscode/extensions/sumneko.lua/publish/lua/server/libs/bee/filesystem.lni
[2019-11-14 00:21:32.713][debug]: [src.service:277]Read failed due to ignored:	file:///c%3A/Users/l/.vscode/extensions/sumneko.lua/publish/lua/server/libs/jass/common.lni
[2019-11-14 00:21:32.714][debug]: [src.service:277]Read failed due to ignored:	file:///c%3A/Users/l/.vscode/extensions/sumneko.lua/publish/lua/server/libs/jass/japi.lni
[2019-11-14 00:21:32.714][debug]: [src.service:277]Read failed due to ignored:	file:///c%3A/Users/l/.vscode/extensions/sumneko.lua/publish/lua/server/libs/test/basic.lni
[2019-11-14 00:21:32.715][debug]: [src.service:277]Read failed due to ignored:	file:///c%3A/Users/l/.vscode/extensions/sumneko.lua/publish/lua/server/locale/en-US/libs/@lua/basic.lni
[2019-11-14 00:21:32.715][debug]: [src.service:277]Read failed due to ignored:	file:///c%3A/Users/l/.vscode/extensions/sumneko.lua/publish/lua/server/locale/en-US/libs/@lua/bit32.lni
[2019-11-14 00:21:32.715][debug]: [src.service:277]Read failed due to ignored:	file:///c%3A/Users/l/.vscode/extensions/sumneko.lua/publish/lua/server/locale/en-US/libs/@lua/coroutine.lni
[2019-11-14 00:21:32.716][debug]: [src.service:277]Read failed due to ignored:	file:///c%3A/Users/l/.vscode/extensions/sumneko.lua/publish/lua/server/locale/en-US/libs/@lua/debug.lni
[2019-11-14 00:21:32.716][debug]: [src.service:277]Read failed due to ignored:	file:///c%3A/Users/l/.vscode/extensions/sumneko.lua/publish/lua/server/locale/en-US/libs/@lua/file.lni
[2019-11-14 00:21:32.716][debug]: [src.service:277]Read failed due to ignored:	file:///c%3A/Users/l/.vscode/extensions/sumneko.lua/publish/lua/server/locale/en-US/libs/@lua/io.lni
[2019-11-14 00:21:32.717][debug]: [src.service:277]Read failed due to ignored:	file:///c%3A/Users/l/.vscode/extensions/sumneko.lua/publish/lua/server/locale/en-US/libs/@lua/math.lni
[2019-11-14 00:21:32.717][debug]: [src.service:277]Read failed due to ignored:	file:///c%3A/Users/l/.vscode/extensions/sumneko.lua/publish/lua/server/locale/en-US/libs/@lua/os.lni
[2019-11-14 00:21:32.717][debug]: [src.service:277]Read failed due to ignored:	file:///c%3A/Users/l/.vscode/extensions/sumneko.lua/publish/lua/server/locale/en-US/libs/@lua/package.lni
[2019-11-14 00:21:32.718][debug]: [src.service:277]Read failed due to ignored:	file:///c%3A/Users/l/.vscode/extensions/sumneko.lua/publish/lua/server/locale/en-US/libs/@lua/string.lni
[2019-11-14 00:21:32.718][debug]: [src.service:277]Read failed due to ignored:	file:///c%3A/Users/l/.vscode/extensions/sumneko.lua/publish/lua/server/locale/en-US/libs/@lua/table.lni
[2019-11-14 00:21:32.719][debug]: [src.service:277]Read failed due to ignored:	file:///c%3A/Users/l/.vscode/extensions/sumneko.lua/publish/lua/server/locale/en-US/libs/@lua/utf8.lni
[2019-11-14 00:21:32.719][debug]: [src.service:277]Read failed due to ignored:	file:///c%3A/Users/l/.vscode/extensions/sumneko.lua/publish/lua/server/locale/en-US/script.lni
[2019-11-14 00:21:32.719][debug]: [src.service:277]Read failed due to ignored:	file:///c%3A/Users/l/.vscode/extensions/sumneko.lua/publish/lua/server/locale/zh-CN/libs/@lua/basic.lni
[2019-11-14 00:21:32.720][debug]: [src.service:277]Read failed due to ignored:	file:///c%3A/Users/l/.vscode/extensions/sumneko.lua/publish/lua/server/locale/zh-CN/libs/@lua/bit32.lni
[2019-11-14 00:21:32.720][debug]: [src.service:277]Read failed due to ignored:	file:///c%3A/Users/l/.vscode/extensions/sumneko.lua/publish/lua/server/locale/zh-CN/libs/@lua/coroutine.lni
[2019-11-14 00:21:32.720][debug]: [src.service:277]Read failed due to ignored:	file:///c%3A/Users/l/.vscode/extensions/sumneko.lua/publish/lua/server/locale/zh-CN/libs/@lua/debug.lni
[2019-11-14 00:21:32.721][debug]: [src.service:277]Read failed due to ignored:	file:///c%3A/Users/l/.vscode/extensions/sumneko.lua/publish/lua/server/locale/zh-CN/libs/@lua/file.lni
[2019-11-14 00:21:32.721][debug]: [src.service:277]Read failed due to ignored:	file:///c%3A/Users/l/.vscode/extensions/sumneko.lua/publish/lua/server/locale/zh-CN/libs/@lua/io.lni
[2019-11-14 00:21:32.722][debug]: [src.service:277]Read failed due to ignored:	file:///c%3A/Users/l/.vscode/extensions/sumneko.lua/publish/lua/server/locale/zh-CN/libs/@lua/math.lni
[2019-11-14 00:21:32.722][debug]: [src.service:277]Read failed due to ignored:	file:///c%3A/Users/l/.vscode/extensions/sumneko.lua/publish/lua/server/locale/zh-CN/libs/@lua/os.lni
[2019-11-14 00:21:32.723][debug]: [src.service:277]Read failed due to ignored:	file:///c%3A/Users/l/.vscode/extensions/sumneko.lua/publish/lua/server/locale/zh-CN/libs/@lua/package.lni
[2019-11-14 00:21:32.723][debug]: [src.service:277]Read failed due to ignored:	file:///c%3A/Users/l/.vscode/extensions/sumneko.lua/publish/lua/server/locale/zh-CN/libs/@lua/string.lni
[2019-11-14 00:21:32.723][debug]: [src.service:277]Read failed due to ignored:	file:///c%3A/Users/l/.vscode/extensions/sumneko.lua/publish/lua/server/locale/zh-CN/libs/@lua/table.lni
[2019-11-14 00:21:32.724][debug]: [src.service:277]Read failed due to ignored:	file:///c%3A/Users/l/.vscode/extensions/sumneko.lua/publish/lua/server/locale/zh-CN/libs/@lua/utf8.lni
[2019-11-14 00:21:32.724][debug]: [src.service:277]Read failed due to ignored:	file:///c%3A/Users/l/.vscode/extensions/sumneko.lua/publish/lua/server/locale/zh-CN/script.lni
[2019-11-14 00:21:32.724][debug]: [src.service:277]Read failed due to ignored:	file:///c%3A/Users/l/.vscode/extensions/sumneko.lua/publish/lua/server/main.lua
[2019-11-14 00:21:32.725][debug]: [src.service:277]Read failed due to ignored:	file:///c%3A/Users/l/.vscode/extensions/sumneko.lua/publish/lua/server/platform.lua
[2019-11-14 00:21:32.725][debug]: [src.service:277]Read failed due to ignored:	file:///c%3A/Users/l/.vscode/extensions/sumneko.lua/publish/lua/server/src/3rd/lua-uri/uri/data.lua
[2019-11-14 00:21:32.725][debug]: [src.service:277]Read failed due to ignored:	file:///c%3A/Users/l/.vscode/extensions/sumneko.lua/publish/lua/server/src/3rd/lua-uri/uri/file/unix.lua
[2019-11-14 00:21:32.726][debug]: [src.service:277]Read failed due to ignored:	file:///c%3A/Users/l/.vscode/extensions/sumneko.lua/publish/lua/server/src/3rd/lua-uri/uri/file/win32.lua
[2019-11-14 00:21:32.726][debug]: [src.service:277]Read failed due to ignored:	file:///c%3A/Users/l/.vscode/extensions/sumneko.lua/publish/lua/server/src/3rd/lua-uri/uri/file.lua
[2019-11-14 00:21:32.726][debug]: [src.service:277]Read failed due to ignored:	file:///c%3A/Users/l/.vscode/extensions/sumneko.lua/publish/lua/server/src/3rd/lua-uri/uri/ftp.lua
[2019-11-14 00:21:32.727][debug]: [src.service:277]Read failed due to ignored:	file:///c%3A/Users/l/.vscode/extensions/sumneko.lua/publish/lua/server/src/3rd/lua-uri/uri/http.lua
[2019-11-14 00:21:32.727][debug]: [src.service:277]Read failed due to ignored:	file:///c%3A/Users/l/.vscode/extensions/sumneko.lua/publish/lua/server/src/3rd/lua-uri/uri/https.lua
[2019-11-14 00:21:32.727][debug]: [src.service:277]Read failed due to ignored:	file:///c%3A/Users/l/.vscode/extensions/sumneko.lua/publish/lua/server/src/3rd/lua-uri/uri/pop.lua
[2019-11-14 00:21:32.727][debug]: [src.service:277]Read failed due to ignored:	file:///c%3A/Users/l/.vscode/extensions/sumneko.lua/publish/lua/server/src/3rd/lua-uri/uri/rtsp.lua
[2019-11-14 00:21:32.728][debug]: [src.service:277]Read failed due to ignored:	file:///c%3A/Users/l/.vscode/extensions/sumneko.lua/publish/lua/server/src/3rd/lua-uri/uri/rtspu.lua
[2019-11-14 00:21:32.728][debug]: [src.service:277]Read failed due to ignored:	file:///c%3A/Users/l/.vscode/extensions/sumneko.lua/publish/lua/server/src/3rd/lua-uri/uri/telnet.lua
[2019-11-14 00:21:32.729][debug]: [src.service:277]Read failed due to ignored:	file:///c%3A/Users/l/.vscode/extensions/sumneko.lua/publish/lua/server/src/3rd/lua-uri/uri/urn/isbn.lua
[2019-11-14 00:21:32.729][debug]: [src.service:277]Read failed due to ignored:	file:///c%3A/Users/l/.vscode/extensions/sumneko.lua/publish/lua/server/src/3rd/lua-uri/uri/urn/issn.lua
[2019-11-14 00:21:32.729][debug]: [src.service:277]Read failed due to ignored:	file:///c%3A/Users/l/.vscode/extensions/sumneko.lua/publish/lua/server/src/3rd/lua-uri/uri/urn/oid.lua
[2019-11-14 00:21:32.730][debug]: [src.service:277]Read failed due to ignored:	file:///c%3A/Users/l/.vscode/extensions/sumneko.lua/publish/lua/server/src/3rd/lua-uri/uri/urn.lua
[2019-11-14 00:21:32.730][debug]: [src.service:277]Read failed due to ignored:	file:///c%3A/Users/l/.vscode/extensions/sumneko.lua/publish/lua/server/src/3rd/lua-uri/uri/_login.lua
[2019-11-14 00:21:32.731][debug]: [src.service:277]Read failed due to ignored:	file:///c%3A/Users/l/.vscode/extensions/sumneko.lua/publish/lua/server/src/3rd/lua-uri/uri/_relative.lua
[2019-11-14 00:21:32.731][debug]: [src.service:277]Read failed due to ignored:	file:///c%3A/Users/l/.vscode/extensions/sumneko.lua/publish/lua/server/src/3rd/lua-uri/uri/_util.lua
[2019-11-14 00:21:32.731][debug]: [src.service:277]Read failed due to ignored:	file:///c%3A/Users/l/.vscode/extensions/sumneko.lua/publish/lua/server/src/3rd/lua-uri/uri.lua
[2019-11-14 00:21:32.732][debug]: [src.service:277]Read failed due to ignored:	file:///c%3A/Users/l/.vscode/extensions/sumneko.lua/publish/lua/server/src/async/async.lua
[2019-11-14 00:21:32.732][debug]: [src.service:277]Read failed due to ignored:	file:///c%3A/Users/l/.vscode/extensions/sumneko.lua/publish/lua/server/src/async/init.lua
[2019-11-14 00:21:32.733][debug]: [src.service:277]Read failed due to ignored:	file:///c%3A/Users/l/.vscode/extensions/sumneko.lua/publish/lua/server/src/async/loadfile.lua
[2019-11-14 00:21:32.733][debug]: [src.service:277]Read failed due to ignored:	file:///c%3A/Users/l/.vscode/extensions/sumneko.lua/publish/lua/server/src/async/proto.lua
[2019-11-14 00:21:32.733][debug]: [src.service:277]Read failed due to ignored:	file:///c%3A/Users/l/.vscode/extensions/sumneko.lua/publish/lua/server/src/async/scanfiles.lua
[2019-11-14 00:21:32.734][debug]: [src.service:277]Read failed due to ignored:	file:///c%3A/Users/l/.vscode/extensions/sumneko.lua/publish/lua/server/src/capability/completion.lua
[2019-11-14 00:21:32.734][debug]: [src.service:277]Read failed due to ignored:	file:///c%3A/Users/l/.vscode/extensions/sumneko.lua/publish/lua/server/src/capability/init.lua
[2019-11-14 00:21:32.734][debug]: [src.service:277]Read failed due to ignored:	file:///c%3A/Users/l/.vscode/extensions/sumneko.lua/publish/lua/server/src/config.lua
[2019-11-14 00:21:32.735][debug]: [src.service:277]Read failed due to ignored:	file:///c%3A/Users/l/.vscode/extensions/sumneko.lua/publish/lua/server/src/constant/DiagnosticDefaultSeverity.lua
[2019-11-14 00:21:32.735][debug]: [src.service:277]Read failed due to ignored:	file:///c%3A/Users/l/.vscode/extensions/sumneko.lua/publish/lua/server/src/constant/DiagnosticSeverity.lua
[2019-11-14 00:21:32.735][debug]: [src.service:277]Read failed due to ignored:	file:///c%3A/Users/l/.vscode/extensions/sumneko.lua/publish/lua/server/src/constant/DiagnosticTag.lua
[2019-11-14 00:21:32.736][debug]: [src.service:277]Read failed due to ignored:	file:///c%3A/Users/l/.vscode/extensions/sumneko.lua/publish/lua/server/src/core/code_action.lua
[2019-11-14 00:21:32.736][debug]: [src.service:277]Read failed due to ignored:	file:///c%3A/Users/l/.vscode/extensions/sumneko.lua/publish/lua/server/src/core/completion.lua
[2019-11-14 00:21:32.736][debug]: [src.service:277]Read failed due to ignored:	file:///c%3A/Users/l/.vscode/extensions/sumneko.lua/publish/lua/server/src/core/definition.lua
[2019-11-14 00:21:32.737][debug]: [src.service:277]Read failed due to ignored:	file:///c%3A/Users/l/.vscode/extensions/sumneko.lua/publish/lua/server/src/core/diagnostics.lua
[2019-11-14 00:21:32.737][debug]: [src.service:277]Read failed due to ignored:	file:///c%3A/Users/l/.vscode/extensions/sumneko.lua/publish/lua/server/src/core/document_symbol.lua
[2019-11-14 00:21:32.737][debug]: [src.service:277]Read failed due to ignored:	file:///c%3A/Users/l/.vscode/extensions/sumneko.lua/publish/lua/server/src/core/find_lib.lua
[2019-11-14 00:21:32.738][debug]: [src.service:277]Read failed due to ignored:	file:///c%3A/Users/l/.vscode/extensions/sumneko.lua/publish/lua/server/src/core/find_source.lua
[2019-11-14 00:21:32.738][debug]: [src.service:277]Read failed due to ignored:	file:///c%3A/Users/l/.vscode/extensions/sumneko.lua/publish/lua/server/src/core/folding_range.lua
[2019-11-14 00:21:32.739][debug]: [src.service:277]Read failed due to ignored:	file:///c%3A/Users/l/.vscode/extensions/sumneko.lua/publish/lua/server/src/core/global.lua
[2019-11-14 00:21:32.739][debug]: [src.service:277]Read failed due to ignored:	file:///c%3A/Users/l/.vscode/extensions/sumneko.lua/publish/lua/server/src/core/highlight.lua
[2019-11-14 00:21:32.739][debug]: [src.service:277]Read failed due to ignored:	file:///c%3A/Users/l/.vscode/extensions/sumneko.lua/publish/lua/server/src/core/hover/emmy_function.lua
[2019-11-14 00:21:32.740][debug]: [src.service:277]Read failed due to ignored:	file:///c%3A/Users/l/.vscode/extensions/sumneko.lua/publish/lua/server/src/core/hover/function.lua
[2019-11-14 00:21:32.740][debug]: [src.service:277]Read failed due to ignored:	file:///c%3A/Users/l/.vscode/extensions/sumneko.lua/publish/lua/server/src/core/hover/hover.lua
[2019-11-14 00:21:32.740][debug]: [src.service:277]Read failed due to ignored:	file:///c%3A/Users/l/.vscode/extensions/sumneko.lua/publish/lua/server/src/core/hover/init.lua
[2019-11-14 00:21:32.741][debug]: [src.service:277]Read failed due to ignored:	file:///c%3A/Users/l/.vscode/extensions/sumneko.lua/publish/lua/server/src/core/hover/lib_function.lua
[2019-11-14 00:21:32.741][debug]: [src.service:277]Read failed due to ignored:	file:///c%3A/Users/l/.vscode/extensions/sumneko.lua/publish/lua/server/src/core/hover/name.lua
[2019-11-14 00:21:32.741][debug]: [src.service:277]Read failed due to ignored:	file:///c%3A/Users/l/.vscode/extensions/sumneko.lua/publish/lua/server/src/core/implementation.lua
[2019-11-14 00:21:32.742][debug]: [src.service:277]Read failed due to ignored:	file:///c%3A/Users/l/.vscode/extensions/sumneko.lua/publish/lua/server/src/core/init.lua
[2019-11-14 00:21:32.742][debug]: [src.service:277]Read failed due to ignored:	file:///c%3A/Users/l/.vscode/extensions/sumneko.lua/publish/lua/server/src/core/library.lua
[2019-11-14 00:21:32.742][debug]: [src.service:277]Read failed due to ignored:	file:///c%3A/Users/l/.vscode/extensions/sumneko.lua/publish/lua/server/src/core/matchKey.lua
[2019-11-14 00:21:32.743][debug]: [src.service:277]Read failed due to ignored:	file:///c%3A/Users/l/.vscode/extensions/sumneko.lua/publish/lua/server/src/core/name.lua
[2019-11-14 00:21:32.743][debug]: [src.service:277]Read failed due to ignored:	file:///c%3A/Users/l/.vscode/extensions/sumneko.lua/publish/lua/server/src/core/references.lua
[2019-11-14 00:21:32.743][debug]: [src.service:277]Read failed due to ignored:	file:///c%3A/Users/l/.vscode/extensions/sumneko.lua/publish/lua/server/src/core/rename.lua
[2019-11-14 00:21:32.744][debug]: [src.service:277]Read failed due to ignored:	file:///c%3A/Users/l/.vscode/extensions/sumneko.lua/publish/lua/server/src/core/signature.lua
[2019-11-14 00:21:32.744][debug]: [src.service:277]Read failed due to ignored:	file:///c%3A/Users/l/.vscode/extensions/sumneko.lua/publish/lua/server/src/core/snippet.lua
[2019-11-14 00:21:32.745][debug]: [src.service:277]Read failed due to ignored:	file:///c%3A/Users/l/.vscode/extensions/sumneko.lua/publish/lua/server/src/emmy/alias.lua
[2019-11-14 00:21:32.745][debug]: [src.service:277]Read failed due to ignored:	file:///c%3A/Users/l/.vscode/extensions/sumneko.lua/publish/lua/server/src/emmy/arrayType.lua
[2019-11-14 00:21:32.745][debug]: [src.service:277]Read failed due to ignored:	file:///c%3A/Users/l/.vscode/extensions/sumneko.lua/publish/lua/server/src/emmy/class.lua
[2019-11-14 00:21:32.746][debug]: [src.service:277]Read failed due to ignored:	file:///c%3A/Users/l/.vscode/extensions/sumneko.lua/publish/lua/server/src/emmy/field.lua
[2019-11-14 00:21:32.746][debug]: [src.service:277]Read failed due to ignored:	file:///c%3A/Users/l/.vscode/extensions/sumneko.lua/publish/lua/server/src/emmy/funcType.lua
[2019-11-14 00:21:32.746][debug]: [src.service:277]Read failed due to ignored:	file:///c%3A/Users/l/.vscode/extensions/sumneko.lua/publish/lua/server/src/emmy/generic.lua
[2019-11-14 00:21:32.747][debug]: [src.service:277]Read failed due to ignored:	file:///c%3A/Users/l/.vscode/extensions/sumneko.lua/publish/lua/server/src/emmy/init.lua
[2019-11-14 00:21:32.747][debug]: [src.service:277]Read failed due to ignored:	file:///c%3A/Users/l/.vscode/extensions/sumneko.lua/publish/lua/server/src/emmy/manager.lua
[2019-11-14 00:21:32.747][debug]: [src.service:277]Read failed due to ignored:	file:///c%3A/Users/l/.vscode/extensions/sumneko.lua/publish/lua/server/src/emmy/param.lua
[2019-11-14 00:21:32.748][debug]: [src.service:277]Read failed due to ignored:	file:///c%3A/Users/l/.vscode/extensions/sumneko.lua/publish/lua/server/src/emmy/return.lua
[2019-11-14 00:21:32.748][debug]: [src.service:277]Read failed due to ignored:	file:///c%3A/Users/l/.vscode/extensions/sumneko.lua/publish/lua/server/src/emmy/tableType.lua
[2019-11-14 00:21:32.748][debug]: [src.service:277]Read failed due to ignored:	file:///c%3A/Users/l/.vscode/extensions/sumneko.lua/publish/lua/server/src/emmy/type.lua
[2019-11-14 00:21:32.749][debug]: [src.service:277]Read failed due to ignored:	file:///c%3A/Users/l/.vscode/extensions/sumneko.lua/publish/lua/server/src/emmy/typeUnit.lua
[2019-11-14 00:21:32.749][debug]: [src.service:277]Read failed due to ignored:	file:///c%3A/Users/l/.vscode/extensions/sumneko.lua/publish/lua/server/src/files/file.lua
[2019-11-14 00:21:32.749][debug]: [src.service:277]Read failed due to ignored:	file:///c%3A/Users/l/.vscode/extensions/sumneko.lua/publish/lua/server/src/files/files.lua
[2019-11-14 00:21:32.750][debug]: [src.service:277]Read failed due to ignored:	file:///c%3A/Users/l/.vscode/extensions/sumneko.lua/publish/lua/server/src/files/init.lua
[2019-11-14 00:21:32.750][debug]: [src.service:277]Read failed due to ignored:	file:///c%3A/Users/l/.vscode/extensions/sumneko.lua/publish/lua/server/src/glob/gitignore.lua
[2019-11-14 00:21:32.751][debug]: [src.service:277]Read failed due to ignored:	file:///c%3A/Users/l/.vscode/extensions/sumneko.lua/publish/lua/server/src/glob/glob.lua
[2019-11-14 00:21:32.751][debug]: [src.service:277]Read failed due to ignored:	file:///c%3A/Users/l/.vscode/extensions/sumneko.lua/publish/lua/server/src/glob/init.lua
[2019-11-14 00:21:32.751][debug]: [src.service:277]Read failed due to ignored:	file:///c%3A/Users/l/.vscode/extensions/sumneko.lua/publish/lua/server/src/glob/matcher.lua
[2019-11-14 00:21:32.752][debug]: [src.service:277]Read failed due to ignored:	file:///c%3A/Users/l/.vscode/extensions/sumneko.lua/publish/lua/server/src/json/decode.lua
[2019-11-14 00:21:32.752][debug]: [src.service:277]Read failed due to ignored:	file:///c%3A/Users/l/.vscode/extensions/sumneko.lua/publish/lua/server/src/json/encode.lua
[2019-11-14 00:21:32.752][debug]: [src.service:277]Read failed due to ignored:	file:///c%3A/Users/l/.vscode/extensions/sumneko.lua/publish/lua/server/src/json/init.lua
[2019-11-14 00:21:32.752][debug]: [src.service:277]Read failed due to ignored:	file:///c%3A/Users/l/.vscode/extensions/sumneko.lua/publish/lua/server/src/language.lua
[2019-11-14 00:21:32.753][debug]: [src.service:277]Read failed due to ignored:	file:///c%3A/Users/l/.vscode/extensions/sumneko.lua/publish/lua/server/src/log.lua
[2019-11-14 00:21:32.753][debug]: [src.service:277]Read failed due to ignored:	file:///c%3A/Users/l/.vscode/extensions/sumneko.lua/publish/lua/server/src/meta/type.lua
[2019-11-14 00:21:32.754][debug]: [src.service:277]Read failed due to ignored:	file:///c%3A/Users/l/.vscode/extensions/sumneko.lua/publish/lua/server/src/method/exit.lua
[2019-11-14 00:21:32.754][debug]: [src.service:277]Read failed due to ignored:	file:///c%3A/Users/l/.vscode/extensions/sumneko.lua/publish/lua/server/src/method/init.lua
[2019-11-14 00:21:32.754][debug]: [src.service:277]Read failed due to ignored:	file:///c%3A/Users/l/.vscode/extensions/sumneko.lua/publish/lua/server/src/method/initialize.lua
[2019-11-14 00:21:32.755][debug]: [src.service:277]Read failed due to ignored:	file:///c%3A/Users/l/.vscode/extensions/sumneko.lua/publish/lua/server/src/method/initialized.lua
[2019-11-14 00:21:32.755][debug]: [src.service:277]Read failed due to ignored:	file:///c%3A/Users/l/.vscode/extensions/sumneko.lua/publish/lua/server/src/method/shutdown.lua
[2019-11-14 00:21:32.755][debug]: [src.service:277]Read failed due to ignored:	file:///c%3A/Users/l/.vscode/extensions/sumneko.lua/publish/lua/server/src/method/textDocument/codeAction.lua
[2019-11-14 00:21:32.756][debug]: [src.service:277]Read failed due to ignored:	file:///c%3A/Users/l/.vscode/extensions/sumneko.lua/publish/lua/server/src/method/textDocument/completion.lua
[2019-11-14 00:21:32.756][debug]: [src.service:277]Read failed due to ignored:	file:///c%3A/Users/l/.vscode/extensions/sumneko.lua/publish/lua/server/src/method/textDocument/definition.lua
[2019-11-14 00:21:32.756][debug]: [src.service:277]Read failed due to ignored:	file:///c%3A/Users/l/.vscode/extensions/sumneko.lua/publish/lua/server/src/method/textDocument/didChange.lua
[2019-11-14 00:21:32.757][debug]: [src.service:277]Read failed due to ignored:	file:///c%3A/Users/l/.vscode/extensions/sumneko.lua/publish/lua/server/src/method/textDocument/didClose.lua
[2019-11-14 00:21:32.757][debug]: [src.service:277]Read failed due to ignored:	file:///c%3A/Users/l/.vscode/extensions/sumneko.lua/publish/lua/server/src/method/textDocument/didOpen.lua
[2019-11-14 00:21:32.757][debug]: [src.service:277]Read failed due to ignored:	file:///c%3A/Users/l/.vscode/extensions/sumneko.lua/publish/lua/server/src/method/textDocument/documentHighlight.lua
[2019-11-14 00:21:32.758][debug]: [src.service:277]Read failed due to ignored:	file:///c%3A/Users/l/.vscode/extensions/sumneko.lua/publish/lua/server/src/method/textDocument/documentSymbol.lua
[2019-11-14 00:21:32.758][debug]: [src.service:277]Read failed due to ignored:	file:///c%3A/Users/l/.vscode/extensions/sumneko.lua/publish/lua/server/src/method/textDocument/foldingRange.lua
[2019-11-14 00:21:32.759][debug]: [src.service:277]Read failed due to ignored:	file:///c%3A/Users/l/.vscode/extensions/sumneko.lua/publish/lua/server/src/method/textDocument/hover.lua
[2019-11-14 00:21:32.759][debug]: [src.service:277]Read failed due to ignored:	file:///c%3A/Users/l/.vscode/extensions/sumneko.lua/publish/lua/server/src/method/textDocument/implementation.lua
[2019-11-14 00:21:32.759][debug]: [src.service:277]Read failed due to ignored:	file:///c%3A/Users/l/.vscode/extensions/sumneko.lua/publish/lua/server/src/method/textDocument/onTypeFormatting.lua
[2019-11-14 00:21:32.760][debug]: [src.service:277]Read failed due to ignored:	file:///c%3A/Users/l/.vscode/extensions/sumneko.lua/publish/lua/server/src/method/textDocument/publishDiagnostics.lua
[2019-11-14 00:21:32.760][debug]: [src.service:277]Read failed due to ignored:	file:///c%3A/Users/l/.vscode/extensions/sumneko.lua/publish/lua/server/src/method/textDocument/references.lua
[2019-11-14 00:21:32.760][debug]: [src.service:277]Read failed due to ignored:	file:///c%3A/Users/l/.vscode/extensions/sumneko.lua/publish/lua/server/src/method/textDocument/rename.lua
[2019-11-14 00:21:32.761][debug]: [src.service:277]Read failed due to ignored:	file:///c%3A/Users/l/.vscode/extensions/sumneko.lua/publish/lua/server/src/method/textDocument/signatureHelp.lua
[2019-11-14 00:21:32.761][debug]: [src.service:277]Read failed due to ignored:	file:///c%3A/Users/l/.vscode/extensions/sumneko.lua/publish/lua/server/src/method/workspace/didChangeConfiguration.lua
[2019-11-14 00:21:32.761][debug]: [src.service:277]Read failed due to ignored:	file:///c%3A/Users/l/.vscode/extensions/sumneko.lua/publish/lua/server/src/method/workspace/didChangeWatchedFiles.lua
[2019-11-14 00:21:32.762][debug]: [src.service:277]Read failed due to ignored:	file:///c%3A/Users/l/.vscode/extensions/sumneko.lua/publish/lua/server/src/method/workspace/didChangeWorkspaceFolders.lua
[2019-11-14 00:21:32.762][debug]: [src.service:277]Read failed due to ignored:	file:///c%3A/Users/l/.vscode/extensions/sumneko.lua/publish/lua/server/src/method/workspace/executeCommand.lua
[2019-11-14 00:21:32.762][debug]: [src.service:277]Read failed due to ignored:	file:///c%3A/Users/l/.vscode/extensions/sumneko.lua/publish/lua/server/src/parser/ast.lua
[2019-11-14 00:21:32.763][debug]: [src.service:277]Read failed due to ignored:	file:///c%3A/Users/l/.vscode/extensions/sumneko.lua/publish/lua/server/src/parser/calcline.lua
[2019-11-14 00:21:32.763][debug]: [src.service:277]Read failed due to ignored:	file:///c%3A/Users/l/.vscode/extensions/sumneko.lua/publish/lua/server/src/parser/grammar.lua
[2019-11-14 00:21:32.763][debug]: [src.service:277]Read failed due to ignored:	file:///c%3A/Users/l/.vscode/extensions/sumneko.lua/publish/lua/server/src/parser/init.lua
[2019-11-14 00:21:32.763][debug]: [src.service:277]Read failed due to ignored:	file:///c%3A/Users/l/.vscode/extensions/sumneko.lua/publish/lua/server/src/parser/lines.lua
[2019-11-14 00:21:32.764][debug]: [src.service:277]Read failed due to ignored:	file:///c%3A/Users/l/.vscode/extensions/sumneko.lua/publish/lua/server/src/parser/parse.lua
[2019-11-14 00:21:32.764][debug]: [src.service:277]Read failed due to ignored:	file:///c%3A/Users/l/.vscode/extensions/sumneko.lua/publish/lua/server/src/parser/relabel.lua
[2019-11-14 00:21:32.765][debug]: [src.service:277]Read failed due to ignored:	file:///c%3A/Users/l/.vscode/extensions/sumneko.lua/publish/lua/server/src/parser/split.lua
[2019-11-14 00:21:32.765][debug]: [src.service:277]Read failed due to ignored:	file:///c%3A/Users/l/.vscode/extensions/sumneko.lua/publish/lua/server/src/plugin.lua
[2019-11-14 00:21:32.765][debug]: [src.service:277]Read failed due to ignored:	file:///c%3A/Users/l/.vscode/extensions/sumneko.lua/publish/lua/server/src/rpc.lua
[2019-11-14 00:21:32.766][debug]: [src.service:277]Read failed due to ignored:	file:///c%3A/Users/l/.vscode/extensions/sumneko.lua/publish/lua/server/src/sandbox.lua
[2019-11-14 00:21:32.766][debug]: [src.service:277]Read failed due to ignored:	file:///c%3A/Users/l/.vscode/extensions/sumneko.lua/publish/lua/server/src/service.lua
[2019-11-14 00:21:32.766][debug]: [src.service:277]Read failed due to ignored:	file:///c%3A/Users/l/.vscode/extensions/sumneko.lua/publish/lua/server/src/task.lua
[2019-11-14 00:21:32.766][debug]: [src.service:277]Read failed due to ignored:	file:///c%3A/Users/l/.vscode/extensions/sumneko.lua/publish/lua/server/src/timer.lua
[2019-11-14 00:21:32.767][debug]: [src.service:277]Read failed due to ignored:	file:///c%3A/Users/l/.vscode/extensions/sumneko.lua/publish/lua/server/src/uri.lua
[2019-11-14 00:21:32.767][debug]: [src.service:277]Read failed due to ignored:	file:///c%3A/Users/l/.vscode/extensions/sumneko.lua/publish/lua/server/src/utility.lua
[2019-11-14 00:21:32.767][debug]: [src.service:277]Read failed due to ignored:	file:///c%3A/Users/l/.vscode/extensions/sumneko.lua/publish/lua/server/src/vm/chain.lua
[2019-11-14 00:21:32.768][debug]: [src.service:277]Read failed due to ignored:	file:///c%3A/Users/l/.vscode/extensions/sumneko.lua/publish/lua/server/src/vm/emmy.lua
[2019-11-14 00:21:32.768][debug]: [src.service:277]Read failed due to ignored:	file:///c%3A/Users/l/.vscode/extensions/sumneko.lua/publish/lua/server/src/vm/function.lua
[2019-11-14 00:21:32.768][debug]: [src.service:277]Read failed due to ignored:	file:///c%3A/Users/l/.vscode/extensions/sumneko.lua/publish/lua/server/src/vm/global.lua
[2019-11-14 00:21:32.769][debug]: [src.service:277]Read failed due to ignored:	file:///c%3A/Users/l/.vscode/extensions/sumneko.lua/publish/lua/server/src/vm/init.lua
[2019-11-14 00:21:32.769][debug]: [src.service:277]Read failed due to ignored:	file:///c%3A/Users/l/.vscode/extensions/sumneko.lua/publish/lua/server/src/vm/ipairs.lua
[2019-11-14 00:21:32.769][debug]: [src.service:277]Read failed due to ignored:	file:///c%3A/Users/l/.vscode/extensions/sumneko.lua/publish/lua/server/src/vm/label.lua
[2019-11-14 00:21:32.770][debug]: [src.service:277]Read failed due to ignored:	file:///c%3A/Users/l/.vscode/extensions/sumneko.lua/publish/lua/server/src/vm/library.lua
[2019-11-14 00:21:32.770][debug]: [src.service:277]Read failed due to ignored:	file:///c%3A/Users/l/.vscode/extensions/sumneko.lua/publish/lua/server/src/vm/list.lua
[2019-11-14 00:21:32.770][debug]: [src.service:277]Read failed due to ignored:	file:///c%3A/Users/l/.vscode/extensions/sumneko.lua/publish/lua/server/src/vm/local.lua
[2019-11-14 00:21:32.771][debug]: [src.service:277]Read failed due to ignored:	file:///c%3A/Users/l/.vscode/extensions/sumneko.lua/publish/lua/server/src/vm/manager.lua
[2019-11-14 00:21:32.771][debug]: [src.service:277]Read failed due to ignored:	file:///c%3A/Users/l/.vscode/extensions/sumneko.lua/publish/lua/server/src/vm/module.lua
[2019-11-14 00:21:32.771][debug]: [src.service:277]Read failed due to ignored:	file:///c%3A/Users/l/.vscode/extensions/sumneko.lua/publish/lua/server/src/vm/multi.lua
[2019-11-14 00:21:32.772][debug]: [src.service:277]Read failed due to ignored:	file:///c%3A/Users/l/.vscode/extensions/sumneko.lua/publish/lua/server/src/vm/pcall.lua
[2019-11-14 00:21:32.772][debug]: [src.service:277]Read failed due to ignored:	file:///c%3A/Users/l/.vscode/extensions/sumneko.lua/publish/lua/server/src/vm/raw.lua
[2019-11-14 00:21:32.772][debug]: [src.service:277]Read failed due to ignored:	file:///c%3A/Users/l/.vscode/extensions/sumneko.lua/publish/lua/server/src/vm/source.lua
[2019-11-14 00:21:32.773][debug]: [src.service:277]Read failed due to ignored:	file:///c%3A/Users/l/.vscode/extensions/sumneko.lua/publish/lua/server/src/vm/special.lua
[2019-11-14 00:21:32.773][debug]: [src.service:277]Read failed due to ignored:	file:///c%3A/Users/l/.vscode/extensions/sumneko.lua/publish/lua/server/src/vm/value.lua
[2019-11-14 00:21:32.773][debug]: [src.service:277]Read failed due to ignored:	file:///c%3A/Users/l/.vscode/extensions/sumneko.lua/publish/lua/server/src/vm/vm.lua
[2019-11-14 00:21:32.774][debug]: [src.service:277]Read failed due to ignored:	file:///c%3A/Users/l/.vscode/extensions/sumneko.lua/publish/lua/server/src/workspace.lua
[2019-11-14 00:21:58.131][debug]: [src.service:782]collectgarbage: 	0.224
[2019-11-14 00:21:58.173][debug]: [src.service:853]
State
Main Mem:  [144205.791]kb
#001 Mem:  [341.866]kb
#002 Mem:  [98.413]kb
#003 Mem:  [109.400]kb
-------------------
CachedVM:  [285]
AlivedVM:  [285]
DeadVM:    [0]
-------------------
CachedSrc: [153071]
AlivedSrc: [154050]
DeadSrc:   [0]
-------------------
CachedFunc:[2332]
AlivedFunc:[2494]
DeadFunc:  [1]
-------------------
TotalVal:  [28866]
DeadVal:   [2939]
-------------------
TotalLoc:  [9998]
TotalEmmy: [315]

[2019-11-14 00:21:58.173][debug]: [src.service:895]test memory: 	0.041
[2019-11-14 00:22:58.129][debug]: [src.service:782]collectgarbage: 	0.221
[2019-11-14 00:22:58.173][debug]: [src.service:853]
State
Main Mem:  [143921.736]kb
#001 Mem:  [345.816]kb
#002 Mem:  [98.413]kb
#003 Mem:  [109.400]kb
-------------------
CachedVM:  [285]
AlivedVM:  [285]
DeadVM:    [0]
-------------------
CachedSrc: [153071]
AlivedSrc: [154050]
DeadSrc:   [0]
-------------------
CachedFunc:[2332]
AlivedFunc:[2494]
DeadFunc:  [1]
-------------------
TotalVal:  [28866]
DeadVal:   [2939]
-------------------
TotalLoc:  [9998]
TotalEmmy: [315]

[2019-11-14 00:22:58.173][debug]: [src.service:895]test memory: 	0.044
[2019-11-14 00:23:58.110][debug]: [src.service:782]collectgarbage: 	0.202
[2019-11-14 00:23:58.149][debug]: [src.service:853]
State
Main Mem:  [143926.072]kb
#001 Mem:  [345.816]kb
#002 Mem:  [98.413]kb
#003 Mem:  [109.400]kb
-------------------
CachedVM:  [285]
AlivedVM:  [285]
DeadVM:    [0]
-------------------
CachedSrc: [153071]
AlivedSrc: [154050]
DeadSrc:   [0]
-------------------
CachedFunc:[2332]
AlivedFunc:[2494]
DeadFunc:  [1]
-------------------
TotalVal:  [28866]
DeadVal:   [2939]
-------------------
TotalLoc:  [9998]
TotalEmmy: [315]

[2019-11-14 00:23:58.149][debug]: [src.service:895]test memory: 	0.039
[2019-11-14 00:24:58.119][debug]: [src.service:782]collectgarbage: 	0.211
[2019-11-14 00:24:58.159][debug]: [src.service:853]
State
Main Mem:  [143926.674]kb
#001 Mem:  [345.816]kb
#002 Mem:  [98.413]kb
#003 Mem:  [109.400]kb
-------------------
CachedVM:  [285]
AlivedVM:  [285]
DeadVM:    [0]
-------------------
CachedSrc: [153071]
AlivedSrc: [154050]
DeadSrc:   [0]
-------------------
CachedFunc:[2332]
AlivedFunc:[2494]
DeadFunc:  [1]
-------------------
TotalVal:  [28866]
DeadVal:   [2939]
-------------------
TotalLoc:  [9998]
TotalEmmy: [315]

[2019-11-14 00:24:58.159][debug]: [src.service:895]test memory: 	0.040
[2019-11-14 00:25:58.123][debug]: [src.service:782]collectgarbage: 	0.215
[2019-11-14 00:25:58.161][debug]: [src.service:853]
State
Main Mem:  [143925.689]kb
#001 Mem:  [345.816]kb
#002 Mem:  [98.413]kb
#003 Mem:  [109.400]kb
-------------------
CachedVM:  [285]
AlivedVM:  [285]
DeadVM:    [0]
-------------------
CachedSrc: [153071]
AlivedSrc: [154050]
DeadSrc:   [0]
-------------------
CachedFunc:[2332]
AlivedFunc:[2494]
DeadFunc:  [1]
-------------------
TotalVal:  [28866]
DeadVal:   [2939]
-------------------
TotalLoc:  [9998]
TotalEmmy: [315]

[2019-11-14 00:25:58.161][debug]: [src.service:895]test memory: 	0.038
[2019-11-14 00:26:58.109][debug]: [src.service:782]collectgarbage: 	0.200
[2019-11-14 00:26:58.148][debug]: [src.service:853]
State
Main Mem:  [143925.854]kb
#001 Mem:  [345.816]kb
#002 Mem:  [98.413]kb
#003 Mem:  [109.400]kb
-------------------
CachedVM:  [285]
AlivedVM:  [285]
DeadVM:    [0]
-------------------
CachedSrc: [153071]
AlivedSrc: [154050]
DeadSrc:   [0]
-------------------
CachedFunc:[2332]
AlivedFunc:[2494]
DeadFunc:  [1]
-------------------
TotalVal:  [28866]
DeadVal:   [2939]
-------------------
TotalLoc:  [9998]
TotalEmmy: [315]

[2019-11-14 00:26:58.148][debug]: [src.service:895]test memory: 	0.039
[2019-11-14 00:27:58.114][debug]: [src.service:782]collectgarbage: 	0.205
[2019-11-14 00:27:58.155][debug]: [src.service:853]
State
Main Mem:  [143926.564]kb
#001 Mem:  [345.816]kb
#002 Mem:  [98.413]kb
#003 Mem:  [109.400]kb
-------------------
CachedVM:  [285]
AlivedVM:  [285]
DeadVM:    [0]
-------------------
CachedSrc: [153071]
AlivedSrc: [154050]
DeadSrc:   [0]
-------------------
CachedFunc:[2332]
AlivedFunc:[2494]
DeadFunc:  [1]
-------------------
TotalVal:  [28866]
DeadVal:   [2939]
-------------------
TotalLoc:  [9998]
TotalEmmy: [315]

[2019-11-14 00:27:58.155][debug]: [src.service:895]test memory: 	0.041
[2019-11-14 00:28:58.118][debug]: [src.service:782]collectgarbage: 	0.209
[2019-11-14 00:28:58.158][debug]: [src.service:853]
State
Main Mem:  [143925.635]kb
#001 Mem:  [345.816]kb
#002 Mem:  [98.413]kb
#003 Mem:  [109.400]kb
-------------------
CachedVM:  [285]
AlivedVM:  [285]
DeadVM:    [0]
-------------------
CachedSrc: [153071]
AlivedSrc: [154050]
DeadSrc:   [0]
-------------------
CachedFunc:[2332]
AlivedFunc:[2494]
DeadFunc:  [1]
-------------------
TotalVal:  [28866]
DeadVal:   [2939]
-------------------
TotalLoc:  [9998]
TotalEmmy: [315]

[2019-11-14 00:28:58.158][debug]: [src.service:895]test memory: 	0.040
[2019-11-14 00:29:58.115][debug]: [src.service:782]collectgarbage: 	0.205
[2019-11-14 00:29:58.156][debug]: [src.service:853]
State
Main Mem:  [143926.127]kb
#001 Mem:  [345.816]kb
#002 Mem:  [98.413]kb
#003 Mem:  [109.400]kb
-------------------
CachedVM:  [285]
AlivedVM:  [285]
DeadVM:    [0]
-------------------
CachedSrc: [153071]
AlivedSrc: [154050]
DeadSrc:   [0]
-------------------
CachedFunc:[2332]
AlivedFunc:[2494]
DeadFunc:  [1]
-------------------
TotalVal:  [28866]
DeadVal:   [2939]
-------------------
TotalLoc:  [9998]
TotalEmmy: [315]

[2019-11-14 00:29:58.156][debug]: [src.service:895]test memory: 	0.041
[2019-11-14 00:30:58.116][debug]: [src.service:782]collectgarbage: 	0.205
[2019-11-14 00:30:58.154][debug]: [src.service:853]
State
Main Mem:  [143926.127]kb
#001 Mem:  [345.816]kb
#002 Mem:  [98.413]kb
#003 Mem:  [109.400]kb
-------------------
CachedVM:  [285]
AlivedVM:  [285]
DeadVM:    [0]
-------------------
CachedSrc: [153071]
AlivedSrc: [154050]
DeadSrc:   [0]
-------------------
CachedFunc:[2332]
AlivedFunc:[2494]
DeadFunc:  [1]
-------------------
TotalVal:  [28866]
DeadVal:   [2939]
-------------------
TotalLoc:  [9998]
TotalEmmy: [315]

[2019-11-14 00:30:58.154][debug]: [src.service:895]test memory: 	0.038
[2019-11-14 00:31:58.120][debug]: [src.service:782]collectgarbage: 	0.209
[2019-11-14 00:31:58.160][debug]: [src.service:853]
State
Main Mem:  [143926.893]kb
#001 Mem:  [345.816]kb
#002 Mem:  [98.413]kb
#003 Mem:  [109.400]kb
-------------------
CachedVM:  [285]
AlivedVM:  [285]
DeadVM:    [0]
-------------------
CachedSrc: [153071]
AlivedSrc: [154050]
DeadSrc:   [0]
-------------------
CachedFunc:[2332]
AlivedFunc:[2494]
DeadFunc:  [1]
-------------------
TotalVal:  [28866]
DeadVal:   [2939]
-------------------
TotalLoc:  [9998]
TotalEmmy: [315]

[2019-11-14 00:31:58.160][debug]: [src.service:895]test memory: 	0.040
[2019-11-14 00:32:58.113][debug]: [src.service:782]collectgarbage: 	0.202
[2019-11-14 00:32:58.154][debug]: [src.service:853]
State
Main Mem:  [143926.674]kb
#001 Mem:  [345.816]kb
#002 Mem:  [98.413]kb
#003 Mem:  [109.400]kb
-------------------
CachedVM:  [285]
AlivedVM:  [285]
DeadVM:    [0]
-------------------
CachedSrc: [153071]
AlivedSrc: [154050]
DeadSrc:   [0]
-------------------
CachedFunc:[2332]
AlivedFunc:[2494]
DeadFunc:  [1]
-------------------
TotalVal:  [28866]
DeadVal:   [2939]
-------------------
TotalLoc:  [9998]
TotalEmmy: [315]

[2019-11-14 00:32:58.154][debug]: [src.service:895]test memory: 	0.041
[2019-11-14 00:33:58.102][debug]: [src.service:782]collectgarbage: 	0.189
[2019-11-14 00:33:58.141][debug]: [src.service:853]
State
Main Mem:  [143926.346]kb
#001 Mem:  [345.816]kb
#002 Mem:  [98.413]kb
#003 Mem:  [109.400]kb
-------------------
CachedVM:  [285]
AlivedVM:  [285]
DeadVM:    [0]
-------------------
CachedSrc: [153071]
AlivedSrc: [154050]
DeadSrc:   [0]
-------------------
CachedFunc:[2332]
AlivedFunc:[2494]
DeadFunc:  [1]
-------------------
TotalVal:  [28866]
DeadVal:   [2939]
-------------------
TotalLoc:  [9998]
TotalEmmy: [315]

[2019-11-14 00:33:58.141][debug]: [src.service:895]test memory: 	0.039
[2019-11-14 00:34:58.090][debug]: [src.service:782]collectgarbage: 	0.177
[2019-11-14 00:34:58.123][debug]: [src.service:853]
State
Main Mem:  [143936.080]kb
#001 Mem:  [345.816]kb
#002 Mem:  [98.413]kb
#003 Mem:  [109.400]kb
-------------------
CachedVM:  [285]
AlivedVM:  [285]
DeadVM:    [0]
-------------------
CachedSrc: [153071]
AlivedSrc: [154050]
DeadSrc:   [0]
-------------------
CachedFunc:[2332]
AlivedFunc:[2494]
DeadFunc:  [1]
-------------------
TotalVal:  [28866]
DeadVal:   [2939]
-------------------
TotalLoc:  [9998]
TotalEmmy: [315]

[2019-11-14 00:34:58.123][debug]: [src.service:895]test memory: 	0.033
[2019-11-14 00:35:58.095][debug]: [src.service:782]collectgarbage: 	0.182
[2019-11-14 00:35:58.132][debug]: [src.service:853]
State
Main Mem:  [143947.400]kb
#001 Mem:  [345.816]kb
#002 Mem:  [98.413]kb
#003 Mem:  [109.400]kb
-------------------
CachedVM:  [285]
AlivedVM:  [285]
DeadVM:    [0]
-------------------
CachedSrc: [153071]
AlivedSrc: [154050]
DeadSrc:   [0]
-------------------
CachedFunc:[2332]
AlivedFunc:[2494]
DeadFunc:  [1]
-------------------
TotalVal:  [28866]
DeadVal:   [2939]
-------------------
TotalLoc:  [9998]
TotalEmmy: [315]

[2019-11-14 00:35:58.133][debug]: [src.service:895]test memory: 	0.038
[2019-11-14 00:36:58.101][debug]: [src.service:782]collectgarbage: 	0.188
[2019-11-14 00:36:58.137][debug]: [src.service:853]
State
Main Mem:  [143950.135]kb
#001 Mem:  [345.816]kb
#002 Mem:  [98.413]kb
#003 Mem:  [109.400]kb
-------------------
CachedVM:  [285]
AlivedVM:  [285]
DeadVM:    [0]
-------------------
CachedSrc: [153071]
AlivedSrc: [154050]
DeadSrc:   [0]
-------------------
CachedFunc:[2332]
AlivedFunc:[2494]
DeadFunc:  [1]
-------------------
TotalVal:  [28866]
DeadVal:   [2939]
-------------------
TotalLoc:  [9998]
TotalEmmy: [315]

[2019-11-14 00:36:58.137][debug]: [src.service:895]test memory: 	0.036
