[2019-11-15 22:33:45.000][info]: [main:14]Lua Lsp startup, root: 	c:/Users/l/.vscode/extensions/sumneko.lua/server
[2019-11-15 22:33:45.002][debug]: [main:15]ROOT:	c:/Users/l/.vscode/extensions/sumneko.lua/server
[2019-11-15 22:33:45.060][info]: [src.language:125]VSC language: zh-cn
[2019-11-15 22:33:45.060][info]: [src.language:126]LS  language: zh-cn
[2019-11-15 22:33:45.155][debug]: [src.async.async:55]Create thread, id: 	1	task: 	proto
[2019-11-15 22:33:45.166][debug]: [src.service:791]collectgarbage: 	0.010
[2019-11-15 22:33:45.166][debug]: [src.service:862]
State
Main Mem:  [8412.208]kb
#001 Mem:  <Unknown>
-------------------
CachedVM:  [0]
AlivedVM:  [0]
DeadVM:    [0]
-------------------
CachedSrc: [0]
AlivedSrc: [1]
DeadSrc:   [0]
-------------------
CachedFunc:[0]
AlivedFunc:[0]
DeadFunc:  [0]
-------------------
TotalVal:  [0]
DeadVal:   [0]
-------------------
TotalLoc:  [0]
TotalEmmy: [10]

[2019-11-15 22:33:45.166][debug]: [src.service:904]test memory: 	0.000
[2019-11-15 22:33:45.246][debug]: [src.config:184]Config update: 	{
	completion = {
		callSnippet = "Disable",
		enable = true,
		keywordSnippet = "Replace",
	},
	diagnostics = {
		disable = {
		},
		enable = true,
		globals = {
			root = true,
		},
		severity = {
			["ambiguity-1"] = "Warning",
			["duplicate-index"] = "Warning",
			["duplicate-method"] = "Warning",
			["emmy-lua"] = "Warning",
			["empty-block"] = "Hint",
			["global-in-nil-env"] = "Warning",
			["lowercase-global"] = "Information",
			["newfield-call"] = "Warning",
			["newline-call"] = "Information",
			["redefined-local"] = "Hint",
			["redundant-parameter"] = "Hint",
			["redundant-value"] = "Hint",
			["set-const"] = "Error",
			["trailing-space"] = "Hint",
			["undefined-env-child"] = "Information",
			["undefined-global"] = "Warning",
			["unused-function"] = "Hint",
			["unused-label"] = "Hint",
			["unused-local"] = "Hint",
			["unused-vararg"] = "Hint",
		},
	},
	plugin = {
		enable = false,
		path = ".vscode/lua-plugin/*.lua",
	},
	runtime = {
		library = {
		},
		path = {
			[1] = "?.lua",
			[2] = "?/init.lua",
			[3] = "?/?.lua",
		},
		version = "Lua 5.4",
	},
	workspace = {
		ignoreDir = {
			[".vscode"] = true,
		},
		ignoreSubmodules = true,
		library = {
		},
		maxPreload = 300,
		preloadFileSize = 100,
		useGitIgnore = true,
	},
}	{
	associations = {
		["*.lni"] = "lua",
	},
	exclude = {
		["**/.DS_Store"] = true,
		["**/.git"] = true,
		["**/.hg"] = true,
		["**/.svn"] = true,
		["**/CVS"] = true,
	},
}
[2019-11-15 22:33:45.331][debug]: [src.service:347]reCompile:	2	2
[2019-11-15 22:33:45.346][debug]: [src.service:791]collectgarbage: 	0.015
[2019-11-15 22:33:45.346][debug]: [src.service:862]
State
Main Mem:  [10708.529]kb
#001 Mem:  [552.525]kb
-------------------
CachedVM:  [0]
AlivedVM:  [0]
DeadVM:    [0]
-------------------
CachedSrc: [0]
AlivedSrc: [1]
DeadSrc:   [2]
-------------------
CachedFunc:[0]
AlivedFunc:[0]
DeadFunc:  [0]
-------------------
TotalVal:  [311]
DeadVal:   [311]
-------------------
TotalLoc:  [0]
TotalEmmy: [10]

[2019-11-15 22:33:45.346][debug]: [src.service:904]test memory: 	0.000
[2019-11-15 22:33:45.346][debug]: [src.service:768]reDiagnostic
[2019-11-15 22:33:45.346][debug]: [src.capability.completion:19]Enable completion.
[2019-11-15 22:33:45.347][debug]: [src.async.async:55]Create thread, id: 	2	task: 	loadfile
[2019-11-15 22:33:45.348][info]: [src.workspace:187]Workspace inited, root: 	e:/Github/LuaParser
[2019-11-15 22:33:45.348][info]: [src.workspace:188]Workspace inited, uri: 	file:///e%3A/Github/LuaParser
[2019-11-15 22:33:45.348][info]: [src.workspace:190]Log path: 	c:/Users/l/.vscode/extensions/sumneko.lua/server/log/file_e%3A_Github_LuaParser.log
[2019-11-15 22:33:45.349][debug]: [src.async.async:55]Create thread, id: 	3	task: 	scanfiles
[2019-11-15 22:33:45.369][debug]: [src.method.initialized:32]client/registerCapability Success!
[2019-11-15 22:33:45.371][debug]: [src.workspace:159]Scanning:	e:/Github/LuaParser
[2019-11-15 22:33:45.371][debug]: [src.workspace:159]Scan pattern:	{
	[1] = ".vscode",
	[2] = "**/CVS",
	[3] = "**/.git",
	[4] = "**/.svn",
	[5] = "**/.DS_Store",
	[6] = "**/.hg",
	[7] = "/test/log",
}
[2019-11-15 22:33:45.371][debug]: [src.workspace:159]Scan options:	{
	ignoreCase = true,
}
[2019-11-15 22:33:45.562][info]: [src.workspace:153]Scan finish, got	30	files.
[2019-11-15 22:33:45.567][debug]: [src.service:347]reCompile:	5	5
[2019-11-15 22:33:45.597][debug]: [src.service:791]collectgarbage: 	0.030
[2019-11-15 22:33:45.597][debug]: [src.service:862]
State
Main Mem:  [12761.949]kb
#001 Mem:  [562.832]kb
#002 Mem:  <Unknown>
#003 Mem:  <Unknown>
-------------------
CachedVM:  [0]
AlivedVM:  [0]
DeadVM:    [0]
-------------------
CachedSrc: [0]
AlivedSrc: [1]
DeadSrc:   [1]
-------------------
CachedFunc:[0]
AlivedFunc:[0]
DeadFunc:  [0]
-------------------
TotalVal:  [314]
DeadVal:   [314]
-------------------
TotalLoc:  [0]
TotalEmmy: [10]

[2019-11-15 22:33:45.597][debug]: [src.service:904]test memory: 	0.000
[2019-11-15 22:33:45.762][debug]: [src.service:269]Read failed due to duplicate:	file:///e%3A/Github/LuaParser/test/ast/Exp.lua
[2019-11-15 22:33:45.811][debug]: [src.service:269]Read failed due to duplicate:	file:///e%3A/Github/LuaParser/src/parser/ast.lua
[2019-11-15 22:34:45.210][debug]: [src.service:791]collectgarbage: 	0.054
[2019-11-15 22:34:45.219][debug]: [src.service:862]
State
Main Mem:  [43982.947]kb
#001 Mem:  [634.694]kb
#002 Mem:  [140.073]kb
#003 Mem:  [141.486]kb
-------------------
CachedVM:  [30]
AlivedVM:  [30]
DeadVM:    [0]
-------------------
CachedSrc: [43137]
AlivedSrc: [43943]
DeadSrc:   [0]
-------------------
CachedFunc:[329]
AlivedFunc:[491]
DeadFunc:  [0]
-------------------
TotalVal:  [11371]
DeadVal:   [25]
-------------------
TotalLoc:  [1516]
TotalEmmy: [41]

[2019-11-15 22:34:45.219][debug]: [src.service:904]test memory: 	0.009
[2019-11-15 22:35:42.336][debug]: [src.config:184]Config update: 	{
	completion = {
		callSnippet = "Disable",
		enable = true,
		keywordSnippet = "Replace",
	},
	diagnostics = {
		disable = {
		},
		enable = true,
		globals = {
			root = true,
		},
		severity = {
			["ambiguity-1"] = "Warning",
			["duplicate-index"] = "Warning",
			["duplicate-method"] = "Warning",
			["emmy-lua"] = "Warning",
			["empty-block"] = "Hint",
			["global-in-nil-env"] = "Warning",
			["lowercase-global"] = "Information",
			["newfield-call"] = "Warning",
			["newline-call"] = "Information",
			["redefined-local"] = "Hint",
			["redundant-parameter"] = "Hint",
			["redundant-value"] = "Hint",
			["set-const"] = "Error",
			["trailing-space"] = "Hint",
			["undefined-env-child"] = "Information",
			["undefined-global"] = "Warning",
			["unused-function"] = "Hint",
			["unused-label"] = "Hint",
			["unused-local"] = "Hint",
			["unused-vararg"] = "Hint",
		},
	},
	plugin = {
		enable = false,
		path = ".vscode/lua-plugin/*.lua",
	},
	runtime = {
		library = {
		},
		path = {
			[1] = "?.lua",
			[2] = "?/init.lua",
			[3] = "?/?.lua",
		},
		version = "Lua 5.4",
	},
	workspace = {
		ignoreDir = {
			[".vscode"] = true,
		},
		ignoreSubmodules = true,
		library = {
		},
		maxPreload = 300,
		preloadFileSize = 100,
		useGitIgnore = true,
	},
}	{
	associations = {
		["*.lni"] = "lua",
	},
	exclude = {
		["**/.DS_Store"] = true,
		["**/.git"] = true,
		["**/.hg"] = true,
		["**/.svn"] = true,
		["**/CVS"] = true,
	},
}
[2019-11-15 22:35:45.219][debug]: [src.service:791]collectgarbage: 	0.063
[2019-11-15 22:35:45.228][debug]: [src.service:862]
State
Main Mem:  [44459.447]kb
#001 Mem:  [622.282]kb
#002 Mem:  [140.073]kb
#003 Mem:  [141.486]kb
-------------------
CachedVM:  [30]
AlivedVM:  [30]
DeadVM:    [0]
-------------------
CachedSrc: [43376]
AlivedSrc: [44182]
DeadSrc:   [0]
-------------------
CachedFunc:[336]
AlivedFunc:[502]
DeadFunc:  [0]
-------------------
TotalVal:  [11413]
DeadVal:   [87]
-------------------
TotalLoc:  [1558]
TotalEmmy: [49]

[2019-11-15 22:35:45.229][debug]: [src.service:904]test memory: 	0.010
[2019-11-15 22:36:45.281][debug]: [src.service:791]collectgarbage: 	0.049
[2019-11-15 22:36:45.291][debug]: [src.service:862]
State
Main Mem:  [44920.826]kb
#001 Mem:  [623.463]kb
#002 Mem:  [140.073]kb
#003 Mem:  [141.486]kb
-------------------
CachedVM:  [30]
AlivedVM:  [30]
DeadVM:    [0]
-------------------
CachedSrc: [43915]
AlivedSrc: [44721]
DeadSrc:   [0]
-------------------
CachedFunc:[337]
AlivedFunc:[506]
DeadFunc:  [0]
-------------------
TotalVal:  [11457]
DeadVal:   [48]
-------------------
TotalLoc:  [1574]
TotalEmmy: [49]

[2019-11-15 22:36:45.291][debug]: [src.service:904]test memory: 	0.010
[2019-11-15 22:37:45.274][debug]: [src.service:791]collectgarbage: 	0.041
[2019-11-15 22:37:45.284][debug]: [src.service:862]
State
Main Mem:  [46277.306]kb
#001 Mem:  [947.808]kb
#002 Mem:  [140.073]kb
#003 Mem:  [141.486]kb
-------------------
CachedVM:  [30]
AlivedVM:  [30]
DeadVM:    [0]
-------------------
CachedSrc: [43918]
AlivedSrc: [44724]
DeadSrc:   [0]
-------------------
CachedFunc:[337]
AlivedFunc:[507]
DeadFunc:  [0]
-------------------
TotalVal:  [11461]
DeadVal:   [50]
-------------------
TotalLoc:  [1574]
TotalEmmy: [49]

[2019-11-15 22:37:45.284][debug]: [src.service:904]test memory: 	0.010
[2019-11-15 22:38:45.283][debug]: [src.service:791]collectgarbage: 	0.049
[2019-11-15 22:38:45.293][debug]: [src.service:862]
State
Main Mem:  [44817.016]kb
#001 Mem:  [359.613]kb
#002 Mem:  [140.073]kb
#003 Mem:  [141.486]kb
-------------------
CachedVM:  [30]
AlivedVM:  [30]
DeadVM:    [0]
-------------------
CachedSrc: [43918]
AlivedSrc: [44724]
DeadSrc:   [0]
-------------------
CachedFunc:[337]
AlivedFunc:[507]
DeadFunc:  [0]
-------------------
TotalVal:  [11461]
DeadVal:   [50]
-------------------
TotalLoc:  [1574]
TotalEmmy: [49]

[2019-11-15 22:38:45.293][debug]: [src.service:904]test memory: 	0.010
[2019-11-15 22:39:36.682][info]: [src.method.shutdown:2]Server shutdown.
[2019-11-15 22:39:36.683][info]: [src.method.exit:2]Server exited.
